<?xml version="1.0" encoding="UTF-8"?>
<robot generator="Robot 3.1.2 (Python 3.6.0 on win32)" generated="20200530 15:54:02.017" rpa="false">
<suite id="s1" name="T1" source="D:\Tools\PythonProjects\Charging\RFTest\T1\t1.robot">
<test id="s1-t1" name="用例2">
<kw name="Set Variable" library="BuiltIn">
<doc>Returns the given values which can then be assigned to a variables.</doc>
<arguments>
<arg>helloworld</arg>
</arguments>
<assign>
<var>${a}</var>
</assign>
<msg timestamp="20200530 15:54:02.193" level="INFO">${a} = helloworld</msg>
<status status="PASS" starttime="20200530 15:54:02.193" endtime="20200530 15:54:02.194"></status>
</kw>
<kw name="Log To Console" library="BuiltIn">
<doc>Logs the given message to the console.</doc>
<arguments>
<arg>${a}</arg>
</arguments>
<status status="PASS" starttime="20200530 15:54:02.195" endtime="20200530 15:54:02.196"></status>
</kw>
<status status="PASS" starttime="20200530 15:54:02.191" endtime="20200530 15:54:02.197" critical="yes"></status>
</test>
<status status="PASS" starttime="20200530 15:54:02.019" endtime="20200530 15:54:02.199"></status>
</suite>
<statistics>
<total>
<stat pass="1" fail="0">Critical Tests</stat>
<stat pass="1" fail="0">All Tests</stat>
</total>
<tag>
</tag>
<suite>
<stat pass="1" fail="0" id="s1" name="T1">T1</stat>
</suite>
</statistics>
<errors>
</errors>
</robot>
