<?xml version="1.0" encoding="UTF-8"?>
<robot generator="Robot 3.1.2 (Python 3.6.0 on win32)" generated="20200409 17:04:49.085" rpa="false">
<suite id="s1" name="Course1" source="D:\Tools\PythonProjects\Charging\homework\robotTest\homework3\course1.robot">
<test id="s1-t1" name="case1">
<kw name="deleteAllCourse" library="rc" type="setup">
<kw name="loginWebsite" library="rc">
<kw name="Open Browser" library="SeleniumLibrary">
<doc>Opens a new browser instance to the optional ``url``.</doc>
<arguments>
<arg>http://localhost:90/mgr/login/login.html</arg>
<arg>chrome</arg>
</arguments>
<msg timestamp="20200409 17:04:50.859" level="INFO">Opening browser 'chrome' to base url 'http://localhost:90/mgr/login/login.html'.</msg>
<status status="PASS" starttime="20200409 17:04:50.858" endtime="20200409 17:04:57.285"></status>
</kw>
<kw name="Set Selenium Implicit Wait" library="SeleniumLibrary">
<doc>Sets the implicit wait value used by Selenium.</doc>
<arguments>
<arg>10</arg>
</arguments>
<status status="PASS" starttime="20200409 17:04:57.285" endtime="20200409 17:04:57.287"></status>
</kw>
<kw name="Input Text" library="SeleniumLibrary">
<doc>Types the given ``text`` into the text field identified by ``locator``.</doc>
<arguments>
<arg>id=username</arg>
<arg>auto</arg>
</arguments>
<msg timestamp="20200409 17:04:57.287" level="INFO">Typing text 'auto' into text field 'id=username'.</msg>
<status status="PASS" starttime="20200409 17:04:57.287" endtime="20200409 17:04:57.449"></status>
</kw>
<kw name="Input Text" library="SeleniumLibrary">
<doc>Types the given ``text`` into the text field identified by ``locator``.</doc>
<arguments>
<arg>id=password</arg>
<arg>sdfsdfsdf</arg>
</arguments>
<msg timestamp="20200409 17:04:57.450" level="INFO">Typing text 'sdfsdfsdf' into text field 'id=password'.</msg>
<status status="PASS" starttime="20200409 17:04:57.449" endtime="20200409 17:04:57.561"></status>
</kw>
<kw name="Click Element" library="SeleniumLibrary">
<doc>Click the element identified by ``locator``.</doc>
<arguments>
<arg>css = .btn-success</arg>
</arguments>
<msg timestamp="20200409 17:04:57.562" level="INFO">Clicking element 'css = .btn-success'.</msg>
<status status="PASS" starttime="20200409 17:04:57.561" endtime="20200409 17:04:57.633"></status>
</kw>
<status status="PASS" starttime="20200409 17:04:50.858" endtime="20200409 17:04:57.633"></status>
</kw>
<kw name="Set Selenium Implicit Wait" library="SeleniumLibrary">
<doc>Sets the implicit wait value used by Selenium.</doc>
<arguments>
<arg>1</arg>
</arguments>
<status status="PASS" starttime="20200409 17:04:57.634" endtime="20200409 17:04:57.635"></status>
</kw>
<kw name="${i} IN RANGE [ 9999 ]" type="for">
<kw name="${i} = 0" type="foritem">
<kw name="Get WebElement" library="SeleniumLibrary">
<doc>Returns the first WebElement matching the given ``locator``.</doc>
<arguments>
<arg>css = //tbody/tr/td[4]/button[2]</arg>
</arguments>
<assign>
<var>${delete_buttons}</var>
</assign>
<kw name="Capture Page Screenshot" library="SeleniumLibrary">
<doc>Takes a screenshot of the current page and embeds it into a log file.</doc>
<msg timestamp="20200409 17:04:58.055" level="INFO" html="yes">&lt;/td&gt;&lt;/tr&gt;&lt;tr&gt;&lt;td colspan="3"&gt;&lt;a href="selenium-screenshot-1.png"&gt;&lt;img src="selenium-screenshot-1.png" width="800px"&gt;&lt;/a&gt;</msg>
<status status="PASS" starttime="20200409 17:04:57.661" endtime="20200409 17:04:58.055"></status>
</kw>
<msg timestamp="20200409 17:04:58.347" level="FAIL">InvalidSelectorException: Message: invalid selector: An invalid or illegal selector was specified
  (Session info: chrome=80.0.3987.122)
</msg>
<status status="FAIL" starttime="20200409 17:04:57.636" endtime="20200409 17:04:58.347"></status>
</kw>
<status status="FAIL" starttime="20200409 17:04:57.636" endtime="20200409 17:04:58.347"></status>
</kw>
<status status="FAIL" starttime="20200409 17:04:57.636" endtime="20200409 17:04:58.348"></status>
</kw>
<status status="FAIL" starttime="20200409 17:04:50.857" endtime="20200409 17:04:58.348"></status>
</kw>
<kw name="deleteAllCourse" library="rc" type="teardown">
<kw name="loginWebsite" library="rc">
<kw name="Open Browser" library="SeleniumLibrary">
<doc>Opens a new browser instance to the optional ``url``.</doc>
<arguments>
<arg>http://localhost:90/mgr/login/login.html</arg>
<arg>chrome</arg>
</arguments>
<msg timestamp="20200409 17:04:58.352" level="INFO">Opening browser 'chrome' to base url 'http://localhost:90/mgr/login/login.html'.</msg>
<status status="PASS" starttime="20200409 17:04:58.351" endtime="20200409 17:05:04.419"></status>
</kw>
<kw name="Set Selenium Implicit Wait" library="SeleniumLibrary">
<doc>Sets the implicit wait value used by Selenium.</doc>
<arguments>
<arg>10</arg>
</arguments>
<status status="PASS" starttime="20200409 17:05:04.419" endtime="20200409 17:05:04.422"></status>
</kw>
<kw name="Input Text" library="SeleniumLibrary">
<doc>Types the given ``text`` into the text field identified by ``locator``.</doc>
<arguments>
<arg>id=username</arg>
<arg>auto</arg>
</arguments>
<msg timestamp="20200409 17:05:04.422" level="INFO">Typing text 'auto' into text field 'id=username'.</msg>
<status status="PASS" starttime="20200409 17:05:04.422" endtime="20200409 17:05:04.593"></status>
</kw>
<kw name="Input Text" library="SeleniumLibrary">
<doc>Types the given ``text`` into the text field identified by ``locator``.</doc>
<arguments>
<arg>id=password</arg>
<arg>sdfsdfsdf</arg>
</arguments>
<msg timestamp="20200409 17:05:04.594" level="INFO">Typing text 'sdfsdfsdf' into text field 'id=password'.</msg>
<status status="PASS" starttime="20200409 17:05:04.593" endtime="20200409 17:05:04.723"></status>
</kw>
<kw name="Click Element" library="SeleniumLibrary">
<doc>Click the element identified by ``locator``.</doc>
<arguments>
<arg>css = .btn-success</arg>
</arguments>
<msg timestamp="20200409 17:05:04.723" level="INFO">Clicking element 'css = .btn-success'.</msg>
<status status="PASS" starttime="20200409 17:05:04.723" endtime="20200409 17:05:04.797"></status>
</kw>
<status status="PASS" starttime="20200409 17:04:58.350" endtime="20200409 17:05:04.797"></status>
</kw>
<kw name="Set Selenium Implicit Wait" library="SeleniumLibrary">
<doc>Sets the implicit wait value used by Selenium.</doc>
<arguments>
<arg>1</arg>
</arguments>
<status status="PASS" starttime="20200409 17:05:04.797" endtime="20200409 17:05:04.801"></status>
</kw>
<kw name="${i} IN RANGE [ 9999 ]" type="for">
<kw name="${i} = 0" type="foritem">
<kw name="Get WebElement" library="SeleniumLibrary">
<doc>Returns the first WebElement matching the given ``locator``.</doc>
<arguments>
<arg>css = //tbody/tr/td[4]/button[2]</arg>
</arguments>
<assign>
<var>${delete_buttons}</var>
</assign>
<kw name="Capture Page Screenshot" library="SeleniumLibrary">
<doc>Takes a screenshot of the current page and embeds it into a log file.</doc>
<msg timestamp="20200409 17:05:05.192" level="INFO" html="yes">&lt;/td&gt;&lt;/tr&gt;&lt;tr&gt;&lt;td colspan="3"&gt;&lt;a href="selenium-screenshot-2.png"&gt;&lt;img src="selenium-screenshot-2.png" width="800px"&gt;&lt;/a&gt;</msg>
<status status="PASS" starttime="20200409 17:05:04.823" endtime="20200409 17:05:05.192"></status>
</kw>
<msg timestamp="20200409 17:05:05.193" level="INFO">${delete_buttons} = None</msg>
<msg timestamp="20200409 17:05:05.194" level="FAIL">InvalidSelectorException: Message: invalid selector: An invalid or illegal selector was specified
  (Session info: chrome=80.0.3987.122)
</msg>
<status status="FAIL" starttime="20200409 17:05:04.802" endtime="20200409 17:05:05.194"></status>
</kw>
<kw name="Exit For Loop" library="BuiltIn">
<doc>Stops executing the enclosing for loop.</doc>
<arguments>
<arg>$delete_buttons == []</arg>
</arguments>
<msg timestamp="20200409 17:05:05.194" level="FAIL">Keyword 'BuiltIn.Exit For Loop' expected 0 arguments, got 1.</msg>
<status status="FAIL" starttime="20200409 17:05:05.194" endtime="20200409 17:05:05.194"></status>
</kw>
<status status="FAIL" starttime="20200409 17:05:04.802" endtime="20200409 17:05:05.194"></status>
</kw>
<status status="FAIL" starttime="20200409 17:05:04.801" endtime="20200409 17:05:05.195"></status>
</kw>
<status status="FAIL" starttime="20200409 17:04:58.350" endtime="20200409 17:05:05.195">Several failures occurred:

1) InvalidSelectorException: Message: invalid selector: An invalid or illegal selector was specified
  (Session info: chrome=80.0.3987.122)


2) Keyword 'BuiltIn.Exit For Loop' expected 0 arguments, got 1.</status>
</kw>
<status status="FAIL" starttime="20200409 17:04:50.856" endtime="20200409 17:05:05.196" critical="yes">Setup failed:
InvalidSelectorException: Message: invalid selector: An invalid or illegal selector was specified
  (Session info: chrome=80.0.3987.122)


Also teardown failed:
Several failures occurred:

1) InvalidSelectorException: Message: invalid selector: An invalid or illegal selector was specified
  (Session info: chrome=80.0.3987.122)


2) Keyword 'BuiltIn.Exit For Loop' expected 0 arguments, got 1.</status>
</test>
<test id="s1-t2" name="case2">
<kw name="deleteAllCourse" library="rc" type="setup">
<kw name="loginWebsite" library="rc">
<kw name="Open Browser" library="SeleniumLibrary">
<doc>Opens a new browser instance to the optional ``url``.</doc>
<arguments>
<arg>http://localhost:90/mgr/login/login.html</arg>
<arg>chrome</arg>
</arguments>
<msg timestamp="20200409 17:05:05.198" level="INFO">Opening browser 'chrome' to base url 'http://localhost:90/mgr/login/login.html'.</msg>
<status status="PASS" starttime="20200409 17:05:05.198" endtime="20200409 17:05:11.538"></status>
</kw>
<kw name="Set Selenium Implicit Wait" library="SeleniumLibrary">
<doc>Sets the implicit wait value used by Selenium.</doc>
<arguments>
<arg>10</arg>
</arguments>
<status status="PASS" starttime="20200409 17:05:11.538" endtime="20200409 17:05:11.543"></status>
</kw>
<kw name="Input Text" library="SeleniumLibrary">
<doc>Types the given ``text`` into the text field identified by ``locator``.</doc>
<arguments>
<arg>id=username</arg>
<arg>auto</arg>
</arguments>
<msg timestamp="20200409 17:05:11.545" level="INFO">Typing text 'auto' into text field 'id=username'.</msg>
<status status="PASS" starttime="20200409 17:05:11.544" endtime="20200409 17:05:11.657"></status>
</kw>
<kw name="Input Text" library="SeleniumLibrary">
<doc>Types the given ``text`` into the text field identified by ``locator``.</doc>
<arguments>
<arg>id=password</arg>
<arg>sdfsdfsdf</arg>
</arguments>
<msg timestamp="20200409 17:05:11.658" level="INFO">Typing text 'sdfsdfsdf' into text field 'id=password'.</msg>
<status status="PASS" starttime="20200409 17:05:11.657" endtime="20200409 17:05:11.745"></status>
</kw>
<kw name="Click Element" library="SeleniumLibrary">
<doc>Click the element identified by ``locator``.</doc>
<arguments>
<arg>css = .btn-success</arg>
</arguments>
<msg timestamp="20200409 17:05:11.746" level="INFO">Clicking element 'css = .btn-success'.</msg>
<status status="PASS" starttime="20200409 17:05:11.746" endtime="20200409 17:05:11.795"></status>
</kw>
<status status="PASS" starttime="20200409 17:05:05.198" endtime="20200409 17:05:11.795"></status>
</kw>
<kw name="Set Selenium Implicit Wait" library="SeleniumLibrary">
<doc>Sets the implicit wait value used by Selenium.</doc>
<arguments>
<arg>1</arg>
</arguments>
<status status="PASS" starttime="20200409 17:05:11.795" endtime="20200409 17:05:11.798"></status>
</kw>
<kw name="${i} IN RANGE [ 9999 ]" type="for">
<kw name="${i} = 0" type="foritem">
<kw name="Get WebElement" library="SeleniumLibrary">
<doc>Returns the first WebElement matching the given ``locator``.</doc>
<arguments>
<arg>css = //tbody/tr/td[4]/button[2]</arg>
</arguments>
<assign>
<var>${delete_buttons}</var>
</assign>
<kw name="Capture Page Screenshot" library="SeleniumLibrary">
<doc>Takes a screenshot of the current page and embeds it into a log file.</doc>
<msg timestamp="20200409 17:05:12.247" level="INFO" html="yes">&lt;/td&gt;&lt;/tr&gt;&lt;tr&gt;&lt;td colspan="3"&gt;&lt;a href="selenium-screenshot-3.png"&gt;&lt;img src="selenium-screenshot-3.png" width="800px"&gt;&lt;/a&gt;</msg>
<status status="PASS" starttime="20200409 17:05:11.814" endtime="20200409 17:05:12.247"></status>
</kw>
<msg timestamp="20200409 17:05:12.248" level="FAIL">InvalidSelectorException: Message: invalid selector: An invalid or illegal selector was specified
  (Session info: chrome=80.0.3987.122)
</msg>
<status status="FAIL" starttime="20200409 17:05:11.799" endtime="20200409 17:05:12.248"></status>
</kw>
<status status="FAIL" starttime="20200409 17:05:11.798" endtime="20200409 17:05:12.248"></status>
</kw>
<status status="FAIL" starttime="20200409 17:05:11.798" endtime="20200409 17:05:12.248"></status>
</kw>
<status status="FAIL" starttime="20200409 17:05:05.198" endtime="20200409 17:05:12.248"></status>
</kw>
<kw name="deleteAllCourse" library="rc" type="teardown">
<kw name="loginWebsite" library="rc">
<kw name="Open Browser" library="SeleniumLibrary">
<doc>Opens a new browser instance to the optional ``url``.</doc>
<arguments>
<arg>http://localhost:90/mgr/login/login.html</arg>
<arg>chrome</arg>
</arguments>
<msg timestamp="20200409 17:06:42.296" level="INFO">Opening browser 'chrome' to base url 'http://localhost:90/mgr/login/login.html'.</msg>
<status status="PASS" starttime="20200409 17:06:42.296" endtime="20200409 17:06:48.286"></status>
</kw>
<kw name="Set Selenium Implicit Wait" library="SeleniumLibrary">
<doc>Sets the implicit wait value used by Selenium.</doc>
<arguments>
<arg>10</arg>
</arguments>
<status status="PASS" starttime="20200409 17:06:48.286" endtime="20200409 17:06:48.291"></status>
</kw>
<kw name="Input Text" library="SeleniumLibrary">
<doc>Types the given ``text`` into the text field identified by ``locator``.</doc>
<arguments>
<arg>id=username</arg>
<arg>auto</arg>
</arguments>
<msg timestamp="20200409 17:06:48.291" level="INFO">Typing text 'auto' into text field 'id=username'.</msg>
<status status="PASS" starttime="20200409 17:06:48.291" endtime="20200409 17:06:48.459"></status>
</kw>
<kw name="Input Text" library="SeleniumLibrary">
<doc>Types the given ``text`` into the text field identified by ``locator``.</doc>
<arguments>
<arg>id=password</arg>
<arg>sdfsdfsdf</arg>
</arguments>
<msg timestamp="20200409 17:06:48.459" level="INFO">Typing text 'sdfsdfsdf' into text field 'id=password'.</msg>
<status status="PASS" starttime="20200409 17:06:48.459" endtime="20200409 17:06:48.586"></status>
</kw>
<kw name="Click Element" library="SeleniumLibrary">
<doc>Click the element identified by ``locator``.</doc>
<arguments>
<arg>css = .btn-success</arg>
</arguments>
<msg timestamp="20200409 17:06:48.586" level="INFO">Clicking element 'css = .btn-success'.</msg>
<status status="PASS" starttime="20200409 17:06:48.586" endtime="20200409 17:06:48.642"></status>
</kw>
<status status="PASS" starttime="20200409 17:06:42.296" endtime="20200409 17:06:48.642"></status>
</kw>
<kw name="Set Selenium Implicit Wait" library="SeleniumLibrary">
<doc>Sets the implicit wait value used by Selenium.</doc>
<arguments>
<arg>1</arg>
</arguments>
<status status="PASS" starttime="20200409 17:06:48.642" endtime="20200409 17:06:48.646"></status>
</kw>
<kw name="${i} IN RANGE [ 9999 ]" type="for">
<kw name="${i} = 0" type="foritem">
<kw name="Get WebElement" library="SeleniumLibrary">
<doc>Returns the first WebElement matching the given ``locator``.</doc>
<arguments>
<arg>css = //tbody/tr/td[4]/button[2]</arg>
</arguments>
<assign>
<var>${delete_buttons}</var>
</assign>
<kw name="Capture Page Screenshot" library="SeleniumLibrary">
<doc>Takes a screenshot of the current page and embeds it into a log file.</doc>
<msg timestamp="20200409 17:06:49.009" level="INFO" html="yes">&lt;/td&gt;&lt;/tr&gt;&lt;tr&gt;&lt;td colspan="3"&gt;&lt;a href="selenium-screenshot-4.png"&gt;&lt;img src="selenium-screenshot-4.png" width="800px"&gt;&lt;/a&gt;</msg>
<status status="PASS" starttime="20200409 17:06:48.662" endtime="20200409 17:06:49.009"></status>
</kw>
<msg timestamp="20200409 17:06:49.009" level="INFO">${delete_buttons} = None</msg>
<msg timestamp="20200409 17:06:49.010" level="FAIL">InvalidSelectorException: Message: invalid selector: An invalid or illegal selector was specified
  (Session info: chrome=80.0.3987.122)
</msg>
<status status="FAIL" starttime="20200409 17:06:48.646" endtime="20200409 17:06:49.010"></status>
</kw>
<kw name="Exit For Loop" library="BuiltIn">
<doc>Stops executing the enclosing for loop.</doc>
<arguments>
<arg>$delete_buttons == []</arg>
</arguments>
<msg timestamp="20200409 17:06:49.010" level="FAIL">Keyword 'BuiltIn.Exit For Loop' expected 0 arguments, got 1.</msg>
<status status="FAIL" starttime="20200409 17:06:49.010" endtime="20200409 17:06:49.010"></status>
</kw>
<status status="FAIL" starttime="20200409 17:06:48.646" endtime="20200409 17:06:49.010"></status>
</kw>
<status status="FAIL" starttime="20200409 17:06:48.646" endtime="20200409 17:06:49.010"></status>
</kw>
<status status="FAIL" starttime="20200409 17:06:42.295" endtime="20200409 17:06:49.011">Several failures occurred:

1) InvalidSelectorException: Message: invalid selector: An invalid or illegal selector was specified
  (Session info: chrome=80.0.3987.122)


2) Keyword 'BuiltIn.Exit For Loop' expected 0 arguments, got 1.</status>
</kw>
<status status="FAIL" starttime="20200409 17:05:05.197" endtime="20200409 17:06:49.011" critical="yes">Setup failed:
InvalidSelectorException: Message: invalid selector: An invalid or illegal selector was specified
  (Session info: chrome=80.0.3987.122)


Also teardown failed:
Several failures occurred:

1) InvalidSelectorException: Message: invalid selector: An invalid or illegal selector was specified
  (Session info: chrome=80.0.3987.122)


2) Keyword 'BuiltIn.Exit For Loop' expected 0 arguments, got 1.</status>
</test>
<status status="FAIL" starttime="20200409 17:04:49.087" endtime="20200409 17:06:49.013"></status>
</suite>
<statistics>
<total>
<stat pass="0" fail="2">Critical Tests</stat>
<stat pass="0" fail="2">All Tests</stat>
</total>
<tag>
</tag>
<suite>
<stat pass="0" fail="2" id="s1" name="Course1">Course1</stat>
</suite>
</statistics>
<errors>
</errors>
</robot>
