<?xml version="1.0" encoding="UTF-8"?>
<robot generator="Robot 3.1.2 (Python 3.6.0 on win32)" generated="20200612 23:06:55.715" rpa="false">
<suite id="s1" name="Test" source="D:\Tools\PythonProjects\Charging\homework\robotTest\homework3\test.robot">
<test id="s1-t1" name="test1">
<kw name="Log To Console" library="BuiltIn">
<doc>Logs the given message to the console.</doc>
<arguments>
<arg>${url}</arg>
</arguments>
<status status="PASS" starttime="20200612 23:06:55.747" endtime="20200612 23:06:55.748"></status>
</kw>
<kw name="Log To Console" library="BuiltIn">
<doc>Logs the given message to the console.</doc>
<arguments>
<arg>${data}</arg>
</arguments>
<status status="PASS" starttime="20200612 23:06:55.749" endtime="20200612 23:06:55.749"></status>
</kw>
<kw name="Log To Console" library="BuiltIn">
<doc>Logs the given message to the console.</doc>
<arguments>
<arg>@{data}[0]</arg>
</arguments>
<status status="PASS" starttime="20200612 23:06:55.750" endtime="20200612 23:06:55.751"></status>
</kw>
<kw name="Log To Console" library="BuiltIn">
<doc>Logs the given message to the console.</doc>
<arguments>
<arg>${user1["username"]}</arg>
</arguments>
<status status="PASS" starttime="20200612 23:06:55.751" endtime="20200612 23:06:55.752"></status>
</kw>
<kw name="Log To Console" library="BuiltIn">
<doc>Logs the given message to the console.</doc>
<arguments>
<arg>&amp;{user1}[username]</arg>
</arguments>
<status status="PASS" starttime="20200612 23:06:55.752" endtime="20200612 23:06:55.753"></status>
</kw>
<status status="PASS" starttime="20200612 23:06:55.747" endtime="20200612 23:06:55.753" critical="yes"></status>
</test>
<status status="PASS" starttime="20200612 23:06:55.719" endtime="20200612 23:06:55.755"></status>
</suite>
<statistics>
<total>
<stat pass="1" fail="0">Critical Tests</stat>
<stat pass="1" fail="0">All Tests</stat>
</total>
<tag>
</tag>
<suite>
<stat pass="1" fail="0" id="s1" name="Test">Test</stat>
</suite>
</statistics>
<errors>
</errors>
</robot>
