<?xml version="1.0" encoding="UTF-8"?>
<robot generator="Robot 3.1.2 (Python 3.6.0 on win32)" generated="20200409 16:25:00.534" rpa="false">
<suite id="s1" name="Course2 Ddt" source="D:\Tools\PythonProjects\Charging\RFTest\lesson4\homework2\course2_ddt.robot">
<test id="s1-t1" name="case2">
<kw name="Delete All Course" library="courseaction" type="setup">
<msg timestamp="20200409 16:25:11.736" level="INFO">0
删除完毕</msg>
<status status="PASS" starttime="20200409 16:25:00.738" endtime="20200409 16:25:11.736"></status>
</kw>
<kw name="loginandcheck">
<arguments>
<arg>robot</arg>
<arg>自动化测试框架</arg>
<arg>1</arg>
</arguments>
<kw name="loginWebsite" library="rc">
<kw name="Open Browser" library="SeleniumLibrary">
<doc>Opens a new browser instance to the optional ``url``.</doc>
<arguments>
<arg>http://localhost:90/mgr/login/login.html</arg>
<arg>chrome</arg>
</arguments>
<msg timestamp="20200409 16:25:11.737" level="INFO">Opening browser 'chrome' to base url 'http://localhost:90/mgr/login/login.html'.</msg>
<status status="PASS" starttime="20200409 16:25:11.737" endtime="20200409 16:25:17.885"></status>
</kw>
<kw name="Set Selenium Implicit Wait" library="SeleniumLibrary">
<doc>Sets the implicit wait value used by Selenium.</doc>
<arguments>
<arg>10</arg>
</arguments>
<status status="PASS" starttime="20200409 16:25:17.885" endtime="20200409 16:25:17.887"></status>
</kw>
<kw name="Input Text" library="SeleniumLibrary">
<doc>Types the given ``text`` into the text field identified by ``locator``.</doc>
<arguments>
<arg>id=username</arg>
<arg>auto</arg>
</arguments>
<msg timestamp="20200409 16:25:17.890" level="INFO">Typing text 'auto' into text field 'id=username'.</msg>
<status status="PASS" starttime="20200409 16:25:17.888" endtime="20200409 16:25:18.080"></status>
</kw>
<kw name="Input Text" library="SeleniumLibrary">
<doc>Types the given ``text`` into the text field identified by ``locator``.</doc>
<arguments>
<arg>id=password</arg>
<arg>sdfsdfsdf</arg>
</arguments>
<msg timestamp="20200409 16:25:18.081" level="INFO">Typing text 'sdfsdfsdf' into text field 'id=password'.</msg>
<status status="PASS" starttime="20200409 16:25:18.080" endtime="20200409 16:25:18.245"></status>
</kw>
<kw name="Click Element" library="SeleniumLibrary">
<doc>Click the element identified by ``locator``.</doc>
<arguments>
<arg>css = .btn-success</arg>
</arguments>
<msg timestamp="20200409 16:25:18.245" level="INFO">Clicking element 'css = .btn-success'.</msg>
<status status="PASS" starttime="20200409 16:25:18.245" endtime="20200409 16:25:18.338"></status>
</kw>
<status status="PASS" starttime="20200409 16:25:11.737" endtime="20200409 16:25:18.338"></status>
</kw>
<kw name="addCourse" library="rc">
<arguments>
<arg>${name}</arg>
<arg>${desc}</arg>
<arg>${idx}</arg>
</arguments>
<kw name="Click Element" library="SeleniumLibrary">
<doc>Click the element identified by ``locator``.</doc>
<arguments>
<arg>css = [ng-click="showAddOne=true"]</arg>
</arguments>
<msg timestamp="20200409 16:25:18.341" level="INFO">Clicking element 'css = [ng-click="showAddOne=true"]'.</msg>
<status status="PASS" starttime="20200409 16:25:18.341" endtime="20200409 16:25:19.348"></status>
</kw>
<kw name="Input Text" library="SeleniumLibrary">
<doc>Types the given ``text`` into the text field identified by ``locator``.</doc>
<arguments>
<arg>css = [ng-model="addData.name"]</arg>
<arg>${name}</arg>
</arguments>
<msg timestamp="20200409 16:25:19.348" level="INFO">Typing text 'robot' into text field 'css = [ng-model="addData.name"]'.</msg>
<status status="PASS" starttime="20200409 16:25:19.348" endtime="20200409 16:25:19.484"></status>
</kw>
<kw name="Input Text" library="SeleniumLibrary">
<doc>Types the given ``text`` into the text field identified by ``locator``.</doc>
<arguments>
<arg>css = [ng-model="addData.desc"]</arg>
<arg>${desc}</arg>
</arguments>
<msg timestamp="20200409 16:25:19.485" level="INFO">Typing text '自动化测试框架' into text field 'css = [ng-model="addData.desc"]'.</msg>
<status status="PASS" starttime="20200409 16:25:19.485" endtime="20200409 16:25:19.632"></status>
</kw>
<kw name="Input Text" library="SeleniumLibrary">
<doc>Types the given ``text`` into the text field identified by ``locator``.</doc>
<arguments>
<arg>css = [ng-model="addData.display_idx"]</arg>
<arg>${idx}</arg>
</arguments>
<msg timestamp="20200409 16:25:19.632" level="INFO">Typing text '1' into text field 'css = [ng-model="addData.display_idx"]'.</msg>
<status status="PASS" starttime="20200409 16:25:19.632" endtime="20200409 16:25:19.757"></status>
</kw>
<kw name="Click Element" library="SeleniumLibrary">
<doc>Click the element identified by ``locator``.</doc>
<arguments>
<arg>css = [ng-click="addOne()"]</arg>
</arguments>
<msg timestamp="20200409 16:25:19.757" level="INFO">Clicking element 'css = [ng-click="addOne()"]'.</msg>
<status status="PASS" starttime="20200409 16:25:19.757" endtime="20200409 16:25:19.835"></status>
</kw>
<status status="PASS" starttime="20200409 16:25:18.339" endtime="20200409 16:25:19.835"></status>
</kw>
<kw name="checkCourse" library="rc">
<doc>判断元素</doc>
<arguments>
<arg>${name}</arg>
</arguments>
<kw name="Sleep" library="BuiltIn">
<doc>Pauses the test executed for the given time.</doc>
<arguments>
<arg>2</arg>
</arguments>
<msg timestamp="20200409 16:25:21.839" level="INFO">Slept 2 seconds</msg>
<status status="PASS" starttime="20200409 16:25:19.838" endtime="20200409 16:25:21.839"></status>
</kw>
<kw name="Get WebElements" library="SeleniumLibrary">
<doc>Returns a list of WebElement objects matching the ``locator``.</doc>
<arguments>
<arg>css = tbody td:nth-child(2)</arg>
</arguments>
<assign>
<var>${eles}</var>
</assign>
<msg timestamp="20200409 16:25:21.848" level="INFO">${eles} = [&lt;selenium.webdriver.remote.webelement.WebElement (session="12007da9ed5ff42b2a2af71c5c737426", element="60db6010-bbd8-4c32-8351-8533e685fa9a")&gt;]</msg>
<status status="PASS" starttime="20200409 16:25:21.839" endtime="20200409 16:25:21.848"></status>
</kw>
<kw name="Evaluate" library="BuiltIn">
<doc>Evaluates the given expression in Python and returns the results.</doc>
<arguments>
<arg>[ele.text for ele in $eles]</arg>
</arguments>
<assign>
<var>${courses}</var>
</assign>
<msg timestamp="20200409 16:25:21.870" level="INFO">${courses} = ['robot']</msg>
<status status="PASS" starttime="20200409 16:25:21.849" endtime="20200409 16:25:21.870"></status>
</kw>
<kw name="Should Be True" library="BuiltIn">
<doc>Fails if the given condition is not true.</doc>
<arguments>
<arg>$expect in $courses</arg>
</arguments>
<status status="PASS" starttime="20200409 16:25:21.870" endtime="20200409 16:25:21.872"></status>
</kw>
<status status="PASS" starttime="20200409 16:25:19.835" endtime="20200409 16:25:21.872"></status>
</kw>
<kw name="Close Browser" library="SeleniumLibrary">
<doc>Closes the current browser.</doc>
<status status="PASS" starttime="20200409 16:25:21.872" endtime="20200409 16:25:24.137"></status>
</kw>
<status status="PASS" starttime="20200409 16:25:11.737" endtime="20200409 16:25:24.137"></status>
</kw>
<kw name="loginandcheck">
<arguments>
<arg>selenium</arg>
<arg>webui测试</arg>
<arg>2</arg>
</arguments>
<kw name="loginWebsite" library="rc">
<kw name="Open Browser" library="SeleniumLibrary">
<doc>Opens a new browser instance to the optional ``url``.</doc>
<arguments>
<arg>http://localhost:90/mgr/login/login.html</arg>
<arg>chrome</arg>
</arguments>
<msg timestamp="20200409 16:25:24.139" level="INFO">Opening browser 'chrome' to base url 'http://localhost:90/mgr/login/login.html'.</msg>
<status status="PASS" starttime="20200409 16:25:24.139" endtime="20200409 16:25:30.424"></status>
</kw>
<kw name="Set Selenium Implicit Wait" library="SeleniumLibrary">
<doc>Sets the implicit wait value used by Selenium.</doc>
<arguments>
<arg>10</arg>
</arguments>
<status status="PASS" starttime="20200409 16:25:30.424" endtime="20200409 16:25:30.426"></status>
</kw>
<kw name="Input Text" library="SeleniumLibrary">
<doc>Types the given ``text`` into the text field identified by ``locator``.</doc>
<arguments>
<arg>id=username</arg>
<arg>auto</arg>
</arguments>
<msg timestamp="20200409 16:25:30.426" level="INFO">Typing text 'auto' into text field 'id=username'.</msg>
<status status="PASS" starttime="20200409 16:25:30.426" endtime="20200409 16:25:30.601"></status>
</kw>
<kw name="Input Text" library="SeleniumLibrary">
<doc>Types the given ``text`` into the text field identified by ``locator``.</doc>
<arguments>
<arg>id=password</arg>
<arg>sdfsdfsdf</arg>
</arguments>
<msg timestamp="20200409 16:25:30.601" level="INFO">Typing text 'sdfsdfsdf' into text field 'id=password'.</msg>
<status status="PASS" starttime="20200409 16:25:30.601" endtime="20200409 16:25:30.750"></status>
</kw>
<kw name="Click Element" library="SeleniumLibrary">
<doc>Click the element identified by ``locator``.</doc>
<arguments>
<arg>css = .btn-success</arg>
</arguments>
<msg timestamp="20200409 16:25:30.750" level="INFO">Clicking element 'css = .btn-success'.</msg>
<status status="PASS" starttime="20200409 16:25:30.750" endtime="20200409 16:25:30.839"></status>
</kw>
<status status="PASS" starttime="20200409 16:25:24.139" endtime="20200409 16:25:30.839"></status>
</kw>
<kw name="addCourse" library="rc">
<arguments>
<arg>${name}</arg>
<arg>${desc}</arg>
<arg>${idx}</arg>
</arguments>
<kw name="Click Element" library="SeleniumLibrary">
<doc>Click the element identified by ``locator``.</doc>
<arguments>
<arg>css = [ng-click="showAddOne=true"]</arg>
</arguments>
<msg timestamp="20200409 16:25:30.840" level="INFO">Clicking element 'css = [ng-click="showAddOne=true"]'.</msg>
<status status="PASS" starttime="20200409 16:25:30.840" endtime="20200409 16:25:31.965"></status>
</kw>
<kw name="Input Text" library="SeleniumLibrary">
<doc>Types the given ``text`` into the text field identified by ``locator``.</doc>
<arguments>
<arg>css = [ng-model="addData.name"]</arg>
<arg>${name}</arg>
</arguments>
<msg timestamp="20200409 16:25:31.966" level="INFO">Typing text 'selenium' into text field 'css = [ng-model="addData.name"]'.</msg>
<status status="PASS" starttime="20200409 16:25:31.965" endtime="20200409 16:25:32.176"></status>
</kw>
<kw name="Input Text" library="SeleniumLibrary">
<doc>Types the given ``text`` into the text field identified by ``locator``.</doc>
<arguments>
<arg>css = [ng-model="addData.desc"]</arg>
<arg>${desc}</arg>
</arguments>
<msg timestamp="20200409 16:25:32.176" level="INFO">Typing text 'webui测试' into text field 'css = [ng-model="addData.desc"]'.</msg>
<status status="PASS" starttime="20200409 16:25:32.176" endtime="20200409 16:25:32.306"></status>
</kw>
<kw name="Input Text" library="SeleniumLibrary">
<doc>Types the given ``text`` into the text field identified by ``locator``.</doc>
<arguments>
<arg>css = [ng-model="addData.display_idx"]</arg>
<arg>${idx}</arg>
</arguments>
<msg timestamp="20200409 16:25:32.306" level="INFO">Typing text '2' into text field 'css = [ng-model="addData.display_idx"]'.</msg>
<status status="PASS" starttime="20200409 16:25:32.306" endtime="20200409 16:25:32.429"></status>
</kw>
<kw name="Click Element" library="SeleniumLibrary">
<doc>Click the element identified by ``locator``.</doc>
<arguments>
<arg>css = [ng-click="addOne()"]</arg>
</arguments>
<msg timestamp="20200409 16:25:32.430" level="INFO">Clicking element 'css = [ng-click="addOne()"]'.</msg>
<status status="PASS" starttime="20200409 16:25:32.429" endtime="20200409 16:25:32.495"></status>
</kw>
<status status="PASS" starttime="20200409 16:25:30.839" endtime="20200409 16:25:32.496"></status>
</kw>
<kw name="checkCourse" library="rc">
<doc>判断元素</doc>
<arguments>
<arg>${name}</arg>
</arguments>
<kw name="Sleep" library="BuiltIn">
<doc>Pauses the test executed for the given time.</doc>
<arguments>
<arg>2</arg>
</arguments>
<msg timestamp="20200409 16:25:34.498" level="INFO">Slept 2 seconds</msg>
<status status="PASS" starttime="20200409 16:25:32.496" endtime="20200409 16:25:34.498"></status>
</kw>
<kw name="Get WebElements" library="SeleniumLibrary">
<doc>Returns a list of WebElement objects matching the ``locator``.</doc>
<arguments>
<arg>css = tbody td:nth-child(2)</arg>
</arguments>
<assign>
<var>${eles}</var>
</assign>
<msg timestamp="20200409 16:25:34.508" level="INFO">${eles} = [&lt;selenium.webdriver.remote.webelement.WebElement (session="5731a83da963a25c4f7b8150c887356d", element="27277af0-0bf6-44ca-ba96-53f9024aa671")&gt;, &lt;selenium.webdriver.remote.webelement.WebElement (sessi...</msg>
<status status="PASS" starttime="20200409 16:25:34.498" endtime="20200409 16:25:34.508"></status>
</kw>
<kw name="Evaluate" library="BuiltIn">
<doc>Evaluates the given expression in Python and returns the results.</doc>
<arguments>
<arg>[ele.text for ele in $eles]</arg>
</arguments>
<assign>
<var>${courses}</var>
</assign>
<msg timestamp="20200409 16:25:34.537" level="INFO">${courses} = ['robot', 'selenium']</msg>
<status status="PASS" starttime="20200409 16:25:34.508" endtime="20200409 16:25:34.537"></status>
</kw>
<kw name="Should Be True" library="BuiltIn">
<doc>Fails if the given condition is not true.</doc>
<arguments>
<arg>$expect in $courses</arg>
</arguments>
<status status="PASS" starttime="20200409 16:25:34.539" endtime="20200409 16:25:34.539"></status>
</kw>
<status status="PASS" starttime="20200409 16:25:32.496" endtime="20200409 16:25:34.539"></status>
</kw>
<kw name="Close Browser" library="SeleniumLibrary">
<doc>Closes the current browser.</doc>
<status status="PASS" starttime="20200409 16:25:34.539" endtime="20200409 16:25:36.817"></status>
</kw>
<status status="PASS" starttime="20200409 16:25:24.139" endtime="20200409 16:25:36.817"></status>
</kw>
<kw name="loginandcheck">
<arguments>
<arg>jmeter</arg>
<arg>接口测试</arg>
<arg>3</arg>
</arguments>
<kw name="loginWebsite" library="rc">
<kw name="Open Browser" library="SeleniumLibrary">
<doc>Opens a new browser instance to the optional ``url``.</doc>
<arguments>
<arg>http://localhost:90/mgr/login/login.html</arg>
<arg>chrome</arg>
</arguments>
<msg timestamp="20200409 16:25:36.820" level="INFO">Opening browser 'chrome' to base url 'http://localhost:90/mgr/login/login.html'.</msg>
<status status="PASS" starttime="20200409 16:25:36.819" endtime="20200409 16:25:43.061"></status>
</kw>
<kw name="Set Selenium Implicit Wait" library="SeleniumLibrary">
<doc>Sets the implicit wait value used by Selenium.</doc>
<arguments>
<arg>10</arg>
</arguments>
<status status="PASS" starttime="20200409 16:25:43.061" endtime="20200409 16:25:43.068"></status>
</kw>
<kw name="Input Text" library="SeleniumLibrary">
<doc>Types the given ``text`` into the text field identified by ``locator``.</doc>
<arguments>
<arg>id=username</arg>
<arg>auto</arg>
</arguments>
<msg timestamp="20200409 16:25:43.070" level="INFO">Typing text 'auto' into text field 'id=username'.</msg>
<status status="PASS" starttime="20200409 16:25:43.068" endtime="20200409 16:25:43.255"></status>
</kw>
<kw name="Input Text" library="SeleniumLibrary">
<doc>Types the given ``text`` into the text field identified by ``locator``.</doc>
<arguments>
<arg>id=password</arg>
<arg>sdfsdfsdf</arg>
</arguments>
<msg timestamp="20200409 16:25:43.256" level="INFO">Typing text 'sdfsdfsdf' into text field 'id=password'.</msg>
<status status="PASS" starttime="20200409 16:25:43.255" endtime="20200409 16:25:43.386"></status>
</kw>
<kw name="Click Element" library="SeleniumLibrary">
<doc>Click the element identified by ``locator``.</doc>
<arguments>
<arg>css = .btn-success</arg>
</arguments>
<msg timestamp="20200409 16:25:43.387" level="INFO">Clicking element 'css = .btn-success'.</msg>
<status status="PASS" starttime="20200409 16:25:43.387" endtime="20200409 16:25:43.508"></status>
</kw>
<status status="PASS" starttime="20200409 16:25:36.819" endtime="20200409 16:25:43.508"></status>
</kw>
<kw name="addCourse" library="rc">
<arguments>
<arg>${name}</arg>
<arg>${desc}</arg>
<arg>${idx}</arg>
</arguments>
<kw name="Click Element" library="SeleniumLibrary">
<doc>Click the element identified by ``locator``.</doc>
<arguments>
<arg>css = [ng-click="showAddOne=true"]</arg>
</arguments>
<msg timestamp="20200409 16:25:43.509" level="INFO">Clicking element 'css = [ng-click="showAddOne=true"]'.</msg>
<status status="PASS" starttime="20200409 16:25:43.508" endtime="20200409 16:25:44.480"></status>
</kw>
<kw name="Input Text" library="SeleniumLibrary">
<doc>Types the given ``text`` into the text field identified by ``locator``.</doc>
<arguments>
<arg>css = [ng-model="addData.name"]</arg>
<arg>${name}</arg>
</arguments>
<msg timestamp="20200409 16:25:44.482" level="INFO">Typing text 'jmeter' into text field 'css = [ng-model="addData.name"]'.</msg>
<status status="PASS" starttime="20200409 16:25:44.480" endtime="20200409 16:25:44.642"></status>
</kw>
<kw name="Input Text" library="SeleniumLibrary">
<doc>Types the given ``text`` into the text field identified by ``locator``.</doc>
<arguments>
<arg>css = [ng-model="addData.desc"]</arg>
<arg>${desc}</arg>
</arguments>
<msg timestamp="20200409 16:25:44.642" level="INFO">Typing text '接口测试' into text field 'css = [ng-model="addData.desc"]'.</msg>
<status status="PASS" starttime="20200409 16:25:44.642" endtime="20200409 16:25:44.760"></status>
</kw>
<kw name="Input Text" library="SeleniumLibrary">
<doc>Types the given ``text`` into the text field identified by ``locator``.</doc>
<arguments>
<arg>css = [ng-model="addData.display_idx"]</arg>
<arg>${idx}</arg>
</arguments>
<msg timestamp="20200409 16:25:44.760" level="INFO">Typing text '3' into text field 'css = [ng-model="addData.display_idx"]'.</msg>
<status status="PASS" starttime="20200409 16:25:44.760" endtime="20200409 16:25:44.887"></status>
</kw>
<kw name="Click Element" library="SeleniumLibrary">
<doc>Click the element identified by ``locator``.</doc>
<arguments>
<arg>css = [ng-click="addOne()"]</arg>
</arguments>
<msg timestamp="20200409 16:25:44.887" level="INFO">Clicking element 'css = [ng-click="addOne()"]'.</msg>
<status status="PASS" starttime="20200409 16:25:44.887" endtime="20200409 16:25:44.959"></status>
</kw>
<status status="PASS" starttime="20200409 16:25:43.508" endtime="20200409 16:25:44.959"></status>
</kw>
<kw name="checkCourse" library="rc">
<doc>判断元素</doc>
<arguments>
<arg>${name}</arg>
</arguments>
<kw name="Sleep" library="BuiltIn">
<doc>Pauses the test executed for the given time.</doc>
<arguments>
<arg>2</arg>
</arguments>
<msg timestamp="20200409 16:25:46.960" level="INFO">Slept 2 seconds</msg>
<status status="PASS" starttime="20200409 16:25:44.959" endtime="20200409 16:25:46.961"></status>
</kw>
<kw name="Get WebElements" library="SeleniumLibrary">
<doc>Returns a list of WebElement objects matching the ``locator``.</doc>
<arguments>
<arg>css = tbody td:nth-child(2)</arg>
</arguments>
<assign>
<var>${eles}</var>
</assign>
<msg timestamp="20200409 16:25:46.972" level="INFO">${eles} = [&lt;selenium.webdriver.remote.webelement.WebElement (session="c5ff96fce4e27eb6512b0299b149977a", element="6abcd34c-5f4d-4243-b6dc-42dd08001ae8")&gt;, &lt;selenium.webdriver.remote.webelement.WebElement (sessi...</msg>
<status status="PASS" starttime="20200409 16:25:46.961" endtime="20200409 16:25:46.972"></status>
</kw>
<kw name="Evaluate" library="BuiltIn">
<doc>Evaluates the given expression in Python and returns the results.</doc>
<arguments>
<arg>[ele.text for ele in $eles]</arg>
</arguments>
<assign>
<var>${courses}</var>
</assign>
<msg timestamp="20200409 16:25:47.017" level="INFO">${courses} = ['robot', 'selenium', 'jmeter']</msg>
<status status="PASS" starttime="20200409 16:25:46.972" endtime="20200409 16:25:47.017"></status>
</kw>
<kw name="Should Be True" library="BuiltIn">
<doc>Fails if the given condition is not true.</doc>
<arguments>
<arg>$expect in $courses</arg>
</arguments>
<status status="PASS" starttime="20200409 16:25:47.017" endtime="20200409 16:25:47.018"></status>
</kw>
<status status="PASS" starttime="20200409 16:25:44.959" endtime="20200409 16:25:47.018"></status>
</kw>
<kw name="Close Browser" library="SeleniumLibrary">
<doc>Closes the current browser.</doc>
<status status="PASS" starttime="20200409 16:25:47.018" endtime="20200409 16:25:49.315"></status>
</kw>
<status status="PASS" starttime="20200409 16:25:36.818" endtime="20200409 16:25:49.315"></status>
</kw>
<kw name="Delete All Course" library="courseaction" type="teardown">
<msg timestamp="20200409 16:26:13.487" level="INFO">3
2
1
0
删除完毕</msg>
<status status="PASS" starttime="20200409 16:25:49.316" endtime="20200409 16:26:13.487"></status>
</kw>
<status status="PASS" starttime="20200409 16:25:00.737" endtime="20200409 16:26:13.489" critical="yes"></status>
</test>
<status status="PASS" starttime="20200409 16:25:00.539" endtime="20200409 16:26:13.490"></status>
</suite>
<statistics>
<total>
<stat pass="1" fail="0">Critical Tests</stat>
<stat pass="1" fail="0">All Tests</stat>
</total>
<tag>
</tag>
<suite>
<stat pass="1" fail="0" id="s1" name="Course2 Ddt">Course2 Ddt</stat>
</suite>
</statistics>
<errors>
</errors>
</robot>
