<?xml version="1.0" encoding="UTF-8"?>
<robot generator="Robot 3.1.2 (Python 3.6.0 on win32)" generated="20200621 17:26:28.497" rpa="false">
<suite id="s1" name="Tc" source="D:\Tools\PythonProjects\Charging\homework\robotTest\homework5\tc">
<suite id="s1-s1" name="老师管理" source="D:\Tools\PythonProjects\Charging\homework\robotTest\homework5\tc\老师管理">
<suite id="s1-s1-s1" name="添加老师" source="D:\Tools\PythonProjects\Charging\homework\robotTest\homework5\tc\老师管理\添加老师.robot">
<test id="s1-s1-s1-t1" name="添加老师1">
<kw name="Run Keywords" library="BuiltIn" type="setup">
<doc>Executes all the given keywords in a sequence.</doc>
<arguments>
<arg>loginWebsite</arg>
<arg>AND</arg>
<arg>deleteAllCourse</arg>
<arg>AND</arg>
<arg>deleteAllTeacher</arg>
</arguments>
<kw name="Login Website" library="pylib.WebOpAdmin">
<status status="PASS" starttime="20200621 17:26:33.945" endtime="20200621 17:26:35.021"></status>
</kw>
<kw name="Delete All Course" library="pylib.WebOpAdmin">
<msg timestamp="20200621 17:26:45.818" level="INFO">1
0
删除完毕</msg>
<status status="PASS" starttime="20200621 17:26:35.021" endtime="20200621 17:26:45.819"></status>
</kw>
<kw name="Delete All Teacher" library="pylib.WebOpAdmin">
<msg timestamp="20200621 17:26:51.020" level="INFO">0
删除完毕</msg>
<status status="PASS" starttime="20200621 17:26:45.819" endtime="20200621 17:26:51.020"></status>
</kw>
<status status="PASS" starttime="20200621 17:26:33.945" endtime="20200621 17:26:51.020"></status>
</kw>
<kw name="Add Course" library="pylib.WebOpAdmin">
<doc>添加课程</doc>
<arguments>
<arg>初中语文</arg>
<arg>语文课</arg>
<arg>2</arg>
</arguments>
<status status="PASS" starttime="20200621 17:26:51.020" endtime="20200621 17:26:57.710"></status>
</kw>
<kw name="Add Course" library="pylib.WebOpAdmin">
<doc>添加课程</doc>
<arguments>
<arg>初中数学</arg>
<arg>数学课</arg>
<arg>1</arg>
</arguments>
<status status="PASS" starttime="20200621 17:26:57.710" endtime="20200621 17:27:04.230"></status>
</kw>
<kw name="Add Teacher" library="pylib.WebOpAdmin">
<doc>添加老师</doc>
<arguments>
<arg>刘德华</arg>
<arg>liudehua</arg>
<arg>偶像</arg>
<arg>1</arg>
<arg>初中语文</arg>
</arguments>
<status status="PASS" starttime="20200621 17:27:04.231" endtime="20200621 17:27:10.615"></status>
</kw>
<kw name="Get Teacher List" library="pylib.WebOpAdmin">
<assign>
<var>${teachers}</var>
</assign>
<msg timestamp="20200621 17:27:10.800" level="INFO">${teachers} = ['刘德华']</msg>
<status status="PASS" starttime="20200621 17:27:10.616" endtime="20200621 17:27:10.800"></status>
</kw>
<kw name="Should Be True" library="BuiltIn">
<doc>Fails if the given condition is not true.</doc>
<arguments>
<arg>$teachers==[u'刘德华']</arg>
</arguments>
<status status="PASS" starttime="20200621 17:27:10.802" endtime="20200621 17:27:10.822"></status>
</kw>
<kw name="Run Keywords" library="BuiltIn" type="teardown">
<doc>Executes all the given keywords in a sequence.</doc>
<arguments>
<arg>deleteAllTeacher</arg>
<arg>AND</arg>
<arg>deleteAllCourse</arg>
</arguments>
<kw name="Delete All Teacher" library="pylib.WebOpAdmin">
<msg timestamp="20200621 17:27:20.242" level="INFO">1
0
删除完毕</msg>
<status status="PASS" starttime="20200621 17:27:10.822" endtime="20200621 17:27:20.242"></status>
</kw>
<kw name="Delete All Course" library="pylib.WebOpAdmin">
<msg timestamp="20200621 17:27:33.926" level="INFO">2
1
0
删除完毕</msg>
<status status="PASS" starttime="20200621 17:27:20.242" endtime="20200621 17:27:33.926"></status>
</kw>
<status status="PASS" starttime="20200621 17:27:10.822" endtime="20200621 17:27:33.927"></status>
</kw>
<status status="PASS" starttime="20200621 17:26:33.944" endtime="20200621 17:27:33.928" critical="yes"></status>
</test>
<status status="PASS" starttime="20200621 17:26:28.593" endtime="20200621 17:27:33.929"></status>
</suite>
<status status="PASS" starttime="20200621 17:26:28.586" endtime="20200621 17:27:33.929"></status>
</suite>
<suite id="s1-s2" name="课程管理" source="D:\Tools\PythonProjects\Charging\homework\robotTest\homework5\tc\课程管理">
<suite id="s1-s2-s1" name="添加课程" source="D:\Tools\PythonProjects\Charging\homework\robotTest\homework5\tc\课程管理\添加课程.robot">
<test id="s1-s2-s1-t1" name="添加课程1">
<kw name="Delete All Course" library="pylib.WebOpAdmin" type="setup">
<msg timestamp="20200621 17:27:39.039" level="INFO">0
删除完毕</msg>
<status status="PASS" starttime="20200621 17:27:33.941" endtime="20200621 17:27:39.040"></status>
</kw>
<kw name="Add Course" library="pylib.WebOpAdmin">
<doc>添加课程</doc>
<arguments>
<arg>robot</arg>
<arg>robot课程</arg>
<arg>2</arg>
</arguments>
<status status="PASS" starttime="20200621 17:27:39.041" endtime="20200621 17:27:45.968"></status>
</kw>
<kw name="Get Course List" library="pylib.WebOpAdmin">
<assign>
<var>${course}</var>
</assign>
<msg timestamp="20200621 17:27:46.076" level="INFO">${course} = ['robot']</msg>
<status status="PASS" starttime="20200621 17:27:45.969" endtime="20200621 17:27:46.076"></status>
</kw>
<kw name="Should Be True" library="BuiltIn">
<doc>Fails if the given condition is not true.</doc>
<arguments>
<arg>$course==[u'robot']</arg>
</arguments>
<status status="PASS" starttime="20200621 17:27:46.078" endtime="20200621 17:27:46.079"></status>
</kw>
<status status="PASS" starttime="20200621 17:27:33.941" endtime="20200621 17:27:46.079" critical="yes"></status>
</test>
<test id="s1-s2-s1-t2" name="添加课程2">
<kw name="Delete All Course" library="pylib.WebOpAdmin" type="setup">
<msg timestamp="20200621 17:27:55.458" level="INFO">1
0
删除完毕</msg>
<status status="PASS" starttime="20200621 17:27:46.083" endtime="20200621 17:27:55.458"></status>
</kw>
<kw name="Login Website" library="pylib.WebOpAdmin">
<status status="PASS" starttime="20200621 17:27:55.459" endtime="20200621 17:27:56.511"></status>
</kw>
<kw name="Add Course" library="pylib.WebOpAdmin">
<doc>添加课程</doc>
<arguments>
<arg>test</arg>
<arg>test课程</arg>
<arg>1</arg>
</arguments>
<status status="PASS" starttime="20200621 17:27:56.511" endtime="20200621 17:28:03.803"></status>
</kw>
<kw name="Get Course List" library="pylib.WebOpAdmin">
<assign>
<var>${course}</var>
</assign>
<msg timestamp="20200621 17:28:03.908" level="INFO">${course} = ['test']</msg>
<status status="PASS" starttime="20200621 17:28:03.804" endtime="20200621 17:28:03.908"></status>
</kw>
<kw name="Should Be True" library="BuiltIn">
<doc>Fails if the given condition is not true.</doc>
<arguments>
<arg>$course==[u'test']</arg>
</arguments>
<status status="PASS" starttime="20200621 17:28:03.909" endtime="20200621 17:28:03.911"></status>
</kw>
<status status="PASS" starttime="20200621 17:27:46.079" endtime="20200621 17:28:03.912" critical="yes"></status>
</test>
<status status="PASS" starttime="20200621 17:27:33.941" endtime="20200621 17:28:03.914"></status>
</suite>
<status status="PASS" starttime="20200621 17:27:33.935" endtime="20200621 17:28:03.923"></status>
</suite>
<status status="PASS" starttime="20200621 17:26:28.501" endtime="20200621 17:28:03.928"></status>
</suite>
<statistics>
<total>
<stat pass="3" fail="0">Critical Tests</stat>
<stat pass="3" fail="0">All Tests</stat>
</total>
<tag>
</tag>
<suite>
<stat pass="3" fail="0" id="s1" name="Tc">Tc</stat>
<stat pass="1" fail="0" id="s1-s1" name="老师管理">Tc.老师管理</stat>
<stat pass="1" fail="0" id="s1-s1-s1" name="添加老师">Tc.老师管理.添加老师</stat>
<stat pass="2" fail="0" id="s1-s2" name="课程管理">Tc.课程管理</stat>
<stat pass="2" fail="0" id="s1-s2-s1" name="添加课程">Tc.课程管理.添加课程</stat>
</suite>
</statistics>
<errors>
</errors>
</robot>
