<?xml version="1.0" encoding="UTF-8"?>
<robot generator="Robot 3.1.2 (Python 3.6.0 on win32)" generated="20200330 15:43:17.160" rpa="false">
<suite id="s1" name="Second" source="D:\Tools\PythonProjects\Charging\RFTest\lesson2\second.robot">
<test id="s1-t1" name="关键字测试">
<kw name="Convert To Integer" library="BuiltIn">
<doc>Converts the given item to an integer number.</doc>
<arguments>
<arg>2020</arg>
</arguments>
<assign>
<var>${num}</var>
</assign>
<msg timestamp="20200330 15:43:17.726" level="INFO">${num} = 2020</msg>
<status status="PASS" starttime="20200330 15:43:17.726" endtime="20200330 15:43:17.726"></status>
</kw>
<kw name="Printargs" library="mylib">
<arguments>
<arg>123</arg>
</arguments>
<msg timestamp="20200330 15:43:17.727" level="INFO">*** args are ***
-------------------------
'123'
*** no kwargs ***</msg>
<status status="PASS" starttime="20200330 15:43:17.727" endtime="20200330 15:43:17.727"></status>
</kw>
<kw name="Printargs" library="mylib">
<arguments>
<arg>${num}</arg>
</arguments>
<msg timestamp="20200330 15:43:17.727" level="INFO">*** args are ***
-------------------------
2020
*** no kwargs ***</msg>
<status status="PASS" starttime="20200330 15:43:17.727" endtime="20200330 15:43:17.727"></status>
</kw>
<kw name="Return List" library="mylib">
<assign>
<var>${list}</var>
</assign>
<msg timestamp="20200330 15:43:17.728" level="INFO">${list} = [1, 2, 3, 4]</msg>
<status status="PASS" starttime="20200330 15:43:17.728" endtime="20200330 15:43:17.728"></status>
</kw>
<kw name="Printargs" library="mylib">
<arguments>
<arg>${list}</arg>
</arguments>
<msg timestamp="20200330 15:43:17.728" level="INFO">*** args are ***
-------------------------
[1, 2, 3, 4]
*** no kwargs ***</msg>
<status status="PASS" starttime="20200330 15:43:17.728" endtime="20200330 15:43:17.729"></status>
</kw>
<kw name="Printargs" library="mylib">
<arguments>
<arg>@{list}</arg>
</arguments>
<msg timestamp="20200330 15:43:17.729" level="INFO">*** args are ***
-------------------------
1
2
3
4
*** no kwargs ***</msg>
<status status="PASS" starttime="20200330 15:43:17.729" endtime="20200330 15:43:17.729"></status>
</kw>
<kw name="Printargs" library="mylib">
<arguments>
<arg>@{list}[0]</arg>
</arguments>
<msg timestamp="20200330 15:43:17.730" level="INFO">*** args are ***
-------------------------
1
*** no kwargs ***</msg>
<status status="PASS" starttime="20200330 15:43:17.730" endtime="20200330 15:43:17.730"></status>
</kw>
<kw name="Printargs" library="mylib">
<arguments>
<arg>${list[0]}</arg>
</arguments>
<msg timestamp="20200330 15:43:17.731" level="INFO">*** args are ***
-------------------------
1
*** no kwargs ***</msg>
<status status="PASS" starttime="20200330 15:43:17.730" endtime="20200330 15:43:17.731"></status>
</kw>
<kw name="Return Dict" library="mylib">
<assign>
<var>${dict}</var>
</assign>
<msg timestamp="20200330 15:43:17.731" level="INFO">${dict} = {'key1': 123, 'key2': '456'}</msg>
<status status="PASS" starttime="20200330 15:43:17.731" endtime="20200330 15:43:17.731"></status>
</kw>
<kw name="Printargs" library="mylib">
<arguments>
<arg>${dict}</arg>
</arguments>
<msg timestamp="20200330 15:43:17.732" level="INFO">*** args are ***
-------------------------
{'key1': 123, 'key2': '456'}
*** no kwargs ***</msg>
<status status="PASS" starttime="20200330 15:43:17.732" endtime="20200330 15:43:17.732"></status>
</kw>
<kw name="Printargs" library="mylib">
<arguments>
<arg>${dict['key1']}</arg>
</arguments>
<msg timestamp="20200330 15:43:17.733" level="INFO">*** args are ***
-------------------------
123
*** no kwargs ***</msg>
<status status="PASS" starttime="20200330 15:43:17.732" endtime="20200330 15:43:17.733"></status>
</kw>
<kw name="Printargs" library="mylib">
<arguments>
<arg>@{dict}</arg>
</arguments>
<msg timestamp="20200330 15:43:17.734" level="INFO">*** args are ***
-------------------------
'key1'
'key2'
*** no kwargs ***</msg>
<status status="PASS" starttime="20200330 15:43:17.733" endtime="20200330 15:43:17.734"></status>
</kw>
<status status="PASS" starttime="20200330 15:43:17.725" endtime="20200330 15:43:17.734" critical="yes"></status>
</test>
<test id="s1-t2" name="循环">
<kw name="Create List" library="BuiltIn">
<doc>Returns a list containing given items.</doc>
<arguments>
<arg>a</arg>
<arg>b</arg>
<arg>c</arg>
<arg>d</arg>
</arguments>
<assign>
<var>${list}</var>
</assign>
<msg timestamp="20200330 15:43:17.737" level="INFO">${list} = ['a', 'b', 'c', 'd']</msg>
<status status="PASS" starttime="20200330 15:43:17.737" endtime="20200330 15:43:17.737"></status>
</kw>
<kw name="${i} IN [ @{list} ]" type="for">
<kw name="${i} = a" type="foritem">
<kw name="Log To Console" library="BuiltIn">
<doc>Logs the given message to the console.</doc>
<arguments>
<arg>${i}</arg>
</arguments>
<status status="PASS" starttime="20200330 15:43:17.737" endtime="20200330 15:43:17.738"></status>
</kw>
<kw name="Log To Console" library="BuiltIn">
<doc>Logs the given message to the console.</doc>
<arguments>
<arg>----</arg>
</arguments>
<status status="PASS" starttime="20200330 15:43:17.738" endtime="20200330 15:43:17.738"></status>
</kw>
<status status="PASS" starttime="20200330 15:43:17.737" endtime="20200330 15:43:17.738"></status>
</kw>
<kw name="${i} = b" type="foritem">
<kw name="Log To Console" library="BuiltIn">
<doc>Logs the given message to the console.</doc>
<arguments>
<arg>${i}</arg>
</arguments>
<status status="PASS" starttime="20200330 15:43:17.738" endtime="20200330 15:43:17.738"></status>
</kw>
<kw name="Log To Console" library="BuiltIn">
<doc>Logs the given message to the console.</doc>
<arguments>
<arg>----</arg>
</arguments>
<status status="PASS" starttime="20200330 15:43:17.738" endtime="20200330 15:43:17.739"></status>
</kw>
<status status="PASS" starttime="20200330 15:43:17.738" endtime="20200330 15:43:17.739"></status>
</kw>
<kw name="${i} = c" type="foritem">
<kw name="Log To Console" library="BuiltIn">
<doc>Logs the given message to the console.</doc>
<arguments>
<arg>${i}</arg>
</arguments>
<status status="PASS" starttime="20200330 15:43:17.739" endtime="20200330 15:43:17.739"></status>
</kw>
<kw name="Log To Console" library="BuiltIn">
<doc>Logs the given message to the console.</doc>
<arguments>
<arg>----</arg>
</arguments>
<status status="PASS" starttime="20200330 15:43:17.739" endtime="20200330 15:43:17.739"></status>
</kw>
<status status="PASS" starttime="20200330 15:43:17.739" endtime="20200330 15:43:17.739"></status>
</kw>
<kw name="${i} = d" type="foritem">
<kw name="Log To Console" library="BuiltIn">
<doc>Logs the given message to the console.</doc>
<arguments>
<arg>${i}</arg>
</arguments>
<status status="PASS" starttime="20200330 15:43:17.740" endtime="20200330 15:43:17.740"></status>
</kw>
<kw name="Log To Console" library="BuiltIn">
<doc>Logs the given message to the console.</doc>
<arguments>
<arg>----</arg>
</arguments>
<status status="PASS" starttime="20200330 15:43:17.740" endtime="20200330 15:43:17.740"></status>
</kw>
<status status="PASS" starttime="20200330 15:43:17.739" endtime="20200330 15:43:17.740"></status>
</kw>
<status status="PASS" starttime="20200330 15:43:17.737" endtime="20200330 15:43:17.740"></status>
</kw>
<kw name="Log To Console" library="BuiltIn">
<doc>Logs the given message to the console.</doc>
<arguments>
<arg>循环出结果</arg>
</arguments>
<status status="PASS" starttime="20200330 15:43:17.741" endtime="20200330 15:43:17.741"></status>
</kw>
<kw name="${one} IN RANGE [ 10 ]" type="for">
<kw name="${one} = 0" type="foritem">
<kw name="Log To Console" library="BuiltIn">
<doc>Logs the given message to the console.</doc>
<arguments>
<arg>${one}</arg>
</arguments>
<status status="PASS" starttime="20200330 15:43:17.741" endtime="20200330 15:43:17.744"></status>
</kw>
<status status="PASS" starttime="20200330 15:43:17.741" endtime="20200330 15:43:17.745"></status>
</kw>
<kw name="${one} = 1" type="foritem">
<kw name="Log To Console" library="BuiltIn">
<doc>Logs the given message to the console.</doc>
<arguments>
<arg>${one}</arg>
</arguments>
<status status="PASS" starttime="20200330 15:43:17.745" endtime="20200330 15:43:17.745"></status>
</kw>
<status status="PASS" starttime="20200330 15:43:17.745" endtime="20200330 15:43:17.745"></status>
</kw>
<kw name="${one} = 2" type="foritem">
<kw name="Log To Console" library="BuiltIn">
<doc>Logs the given message to the console.</doc>
<arguments>
<arg>${one}</arg>
</arguments>
<status status="PASS" starttime="20200330 15:43:17.746" endtime="20200330 15:43:17.746"></status>
</kw>
<status status="PASS" starttime="20200330 15:43:17.745" endtime="20200330 15:43:17.746"></status>
</kw>
<kw name="${one} = 3" type="foritem">
<kw name="Log To Console" library="BuiltIn">
<doc>Logs the given message to the console.</doc>
<arguments>
<arg>${one}</arg>
</arguments>
<status status="PASS" starttime="20200330 15:43:17.746" endtime="20200330 15:43:17.747"></status>
</kw>
<status status="PASS" starttime="20200330 15:43:17.746" endtime="20200330 15:43:17.747"></status>
</kw>
<kw name="${one} = 4" type="foritem">
<kw name="Log To Console" library="BuiltIn">
<doc>Logs the given message to the console.</doc>
<arguments>
<arg>${one}</arg>
</arguments>
<status status="PASS" starttime="20200330 15:43:17.747" endtime="20200330 15:43:17.747"></status>
</kw>
<status status="PASS" starttime="20200330 15:43:17.747" endtime="20200330 15:43:17.747"></status>
</kw>
<kw name="${one} = 5" type="foritem">
<kw name="Log To Console" library="BuiltIn">
<doc>Logs the given message to the console.</doc>
<arguments>
<arg>${one}</arg>
</arguments>
<status status="PASS" starttime="20200330 15:43:17.747" endtime="20200330 15:43:17.748"></status>
</kw>
<status status="PASS" starttime="20200330 15:43:17.747" endtime="20200330 15:43:17.748"></status>
</kw>
<kw name="${one} = 6" type="foritem">
<kw name="Log To Console" library="BuiltIn">
<doc>Logs the given message to the console.</doc>
<arguments>
<arg>${one}</arg>
</arguments>
<status status="PASS" starttime="20200330 15:43:17.748" endtime="20200330 15:43:17.748"></status>
</kw>
<status status="PASS" starttime="20200330 15:43:17.748" endtime="20200330 15:43:17.748"></status>
</kw>
<kw name="${one} = 7" type="foritem">
<kw name="Log To Console" library="BuiltIn">
<doc>Logs the given message to the console.</doc>
<arguments>
<arg>${one}</arg>
</arguments>
<status status="PASS" starttime="20200330 15:43:17.749" endtime="20200330 15:43:17.749"></status>
</kw>
<status status="PASS" starttime="20200330 15:43:17.748" endtime="20200330 15:43:17.749"></status>
</kw>
<kw name="${one} = 8" type="foritem">
<kw name="Log To Console" library="BuiltIn">
<doc>Logs the given message to the console.</doc>
<arguments>
<arg>${one}</arg>
</arguments>
<status status="PASS" starttime="20200330 15:43:17.749" endtime="20200330 15:43:17.751"></status>
</kw>
<status status="PASS" starttime="20200330 15:43:17.749" endtime="20200330 15:43:17.751"></status>
</kw>
<kw name="${one} = 9" type="foritem">
<kw name="Log To Console" library="BuiltIn">
<doc>Logs the given message to the console.</doc>
<arguments>
<arg>${one}</arg>
</arguments>
<status status="PASS" starttime="20200330 15:43:17.752" endtime="20200330 15:43:17.753"></status>
</kw>
<status status="PASS" starttime="20200330 15:43:17.751" endtime="20200330 15:43:17.753"></status>
</kw>
<status status="PASS" starttime="20200330 15:43:17.741" endtime="20200330 15:43:17.753"></status>
</kw>
<doc>新语法</doc>
<status status="PASS" starttime="20200330 15:43:17.736" endtime="20200330 15:43:17.757" critical="yes"></status>
</test>
<status status="PASS" starttime="20200330 15:43:17.161" endtime="20200330 15:43:17.758"></status>
</suite>
<statistics>
<total>
<stat pass="2" fail="0">Critical Tests</stat>
<stat pass="2" fail="0">All Tests</stat>
</total>
<tag>
</tag>
<suite>
<stat pass="2" fail="0" id="s1" name="Second">Second</stat>
</suite>
</statistics>
<errors>
<msg timestamp="20200330 15:43:17.154" level="WARN">Error in file 'D:\Tools\PythonProjects\Charging\RFTest\lesson2\second.robot': Invalid syntax in test case '循环': Using 'In' as a FOR loop separator is deprecated. Use 'IN' instead.</msg>
<msg timestamp="20200330 15:43:17.155" level="WARN">Error in file 'D:\Tools\PythonProjects\Charging\RFTest\lesson2\second.robot': Invalid syntax in test case '循环': Using 'In RANGE' as a FOR loop separator is deprecated. Use 'IN RANGE' instead.</msg>
</errors>
</robot>
