<?xml version="1.0" encoding="UTF-8"?>
<robot generator="Robot 3.1.2 (Python 3.6.0 on win32)" generated="20200409 16:08:07.638" rpa="false">
<suite id="s1" name="T1" source="D:\Tools\PythonProjects\Charging\RFTest\lesson4\t1.robot">
<test id="s1-t1" name="case1">
<kw name="Log To Console" library="BuiltIn">
<doc>Logs the given message to the console.</doc>
<arguments>
<arg>1</arg>
</arguments>
<status status="PASS" starttime="20200409 16:08:07.663" endtime="20200409 16:08:07.663"></status>
</kw>
<kw name="getvar1">
<assign>
<var>${list}</var>
</assign>
<kw name="Evaluate" library="BuiltIn">
<doc>Evaluates the given expression in Python and returns the results.</doc>
<arguments>
<arg>[i for i in range(10)]</arg>
</arguments>
<assign>
<var>${var}</var>
</assign>
<msg timestamp="20200409 16:08:07.664" level="INFO">${var} = [0, 1, 2, 3, 4, 5, 6, 7, 8, 9]</msg>
<status status="PASS" starttime="20200409 16:08:07.664" endtime="20200409 16:08:07.664"></status>
</kw>
<msg timestamp="20200409 16:08:07.664" level="INFO">${list} = [0, 1, 2, 3, 4, 5, 6, 7, 8, 9]</msg>
<status status="PASS" starttime="20200409 16:08:07.663" endtime="20200409 16:08:07.664"></status>
</kw>
<kw name="Log To Console" library="BuiltIn">
<doc>Logs the given message to the console.</doc>
<arguments>
<arg>${list}</arg>
</arguments>
<status status="PASS" starttime="20200409 16:08:07.665" endtime="20200409 16:08:07.665"></status>
</kw>
<status status="PASS" starttime="20200409 16:08:07.662" endtime="20200409 16:08:07.665" critical="yes"></status>
</test>
<status status="PASS" starttime="20200409 16:08:07.640" endtime="20200409 16:08:07.666"></status>
</suite>
<statistics>
<total>
<stat pass="1" fail="0">Critical Tests</stat>
<stat pass="1" fail="0">All Tests</stat>
</total>
<tag>
</tag>
<suite>
<stat pass="1" fail="0" id="s1" name="T1">T1</stat>
</suite>
</statistics>
<errors>
</errors>
</robot>
