<?xml version="1.0" encoding="UTF-8"?>
<robot generator="Robot 3.1.2 (Python 3.6.0 on win32)" generated="20200605 17:38:15.870" rpa="false">
<suite id="s1" name="Kw1" source="D:\Tools\PythonProjects\Charging\RFTest\lesson4\kw1.robot">
<test id="s1-t1" name="case1">
<kw name="checklog1">
<kw name="Set Variable" library="BuiltIn">
<doc>Returns the given values which can then be assigned to a variables.</doc>
<arguments>
<arg>hello</arg>
</arguments>
<assign>
<var>${var}</var>
</assign>
<msg timestamp="20200605 17:38:16.093" level="INFO">${var} = hello</msg>
<status status="PASS" starttime="20200605 17:38:16.093" endtime="20200605 17:38:16.094"></status>
</kw>
<kw name="Log To Console" library="BuiltIn">
<doc>Logs the given message to the console.</doc>
<arguments>
<arg>${var}</arg>
</arguments>
<status status="PASS" starttime="20200605 17:38:16.094" endtime="20200605 17:38:16.094"></status>
</kw>
<kw name="Should Be True" library="BuiltIn">
<doc>Fails if the given condition is not true.</doc>
<arguments>
<arg>$var == 'hello'</arg>
</arguments>
<status status="PASS" starttime="20200605 17:38:16.094" endtime="20200605 17:38:16.100"></status>
</kw>
<status status="PASS" starttime="20200605 17:38:16.093" endtime="20200605 17:38:16.100"></status>
</kw>
<kw name="checklog2">
<arguments>
<arg>110022</arg>
</arguments>
<kw name="Set Variable" library="BuiltIn">
<doc>Returns the given values which can then be assigned to a variables.</doc>
<arguments>
<arg>${expect}</arg>
</arguments>
<assign>
<var>${var}</var>
</assign>
<msg timestamp="20200605 17:38:16.101" level="INFO">${var} = 110022</msg>
<status status="PASS" starttime="20200605 17:38:16.101" endtime="20200605 17:38:16.101"></status>
</kw>
<kw name="Log To Console" library="BuiltIn">
<doc>Logs the given message to the console.</doc>
<arguments>
<arg>${var}</arg>
</arguments>
<status status="PASS" starttime="20200605 17:38:16.101" endtime="20200605 17:38:16.102"></status>
</kw>
<kw name="Should Be True" library="BuiltIn">
<doc>Fails if the given condition is not true.</doc>
<arguments>
<arg>$var == $expect</arg>
</arguments>
<status status="PASS" starttime="20200605 17:38:16.102" endtime="20200605 17:38:16.103"></status>
</kw>
<status status="PASS" starttime="20200605 17:38:16.100" endtime="20200605 17:38:16.103"></status>
</kw>
<kw name="checklog3">
<arguments>
<arg>5555</arg>
</arguments>
<assign>
<var>${res}</var>
</assign>
<kw name="Set Variable" library="BuiltIn">
<doc>Returns the given values which can then be assigned to a variables.</doc>
<arguments>
<arg>${expect}</arg>
</arguments>
<assign>
<var>${var}</var>
</assign>
<msg timestamp="20200605 17:38:16.104" level="INFO">${var} = 5555</msg>
<status status="PASS" starttime="20200605 17:38:16.104" endtime="20200605 17:38:16.104"></status>
</kw>
<kw name="Log To Console" library="BuiltIn">
<doc>Logs the given message to the console.</doc>
<arguments>
<arg>${var}</arg>
</arguments>
<status status="PASS" starttime="20200605 17:38:16.104" endtime="20200605 17:38:16.104"></status>
</kw>
<kw name="Should Be True" library="BuiltIn">
<doc>Fails if the given condition is not true.</doc>
<arguments>
<arg>$var == $expect</arg>
</arguments>
<status status="PASS" starttime="20200605 17:38:16.105" endtime="20200605 17:38:16.106"></status>
</kw>
<msg timestamp="20200605 17:38:16.106" level="INFO">${res} = Success</msg>
<status status="PASS" starttime="20200605 17:38:16.103" endtime="20200605 17:38:16.106"></status>
</kw>
<kw name="Log To Console" library="BuiltIn">
<doc>Logs the given message to the console.</doc>
<arguments>
<arg>${res}</arg>
</arguments>
<status status="PASS" starttime="20200605 17:38:16.106" endtime="20200605 17:38:16.107"></status>
</kw>
<status status="PASS" starttime="20200605 17:38:16.091" endtime="20200605 17:38:16.107" critical="yes"></status>
</test>
<status status="PASS" starttime="20200605 17:38:15.872" endtime="20200605 17:38:16.115"></status>
</suite>
<statistics>
<total>
<stat pass="1" fail="0">Critical Tests</stat>
<stat pass="1" fail="0">All Tests</stat>
</total>
<tag>
</tag>
<suite>
<stat pass="1" fail="0" id="s1" name="Kw1">Kw1</stat>
</suite>
</statistics>
<errors>
</errors>
</robot>
