<?xml version="1.0" encoding="UTF-8"?>
<robot generator="Robot 3.1.2 (Python 3.6.0 on win32)" generated="20200608 10:18:59.060" rpa="false">
<suite id="s1" name="Course" source="D:\Tools\PythonProjects\Charging\RFTest\lesson3\course.robot">
<kw name="Delete All Lesson" library="course" type="setup">
<msg timestamp="20200608 10:19:30.705" level="INFO">浏览器关闭</msg>
<status status="PASS" starttime="20200608 10:18:59.219" endtime="20200608 10:19:30.705"></status>
</kw>
<test id="s1-t1" name="添加课程">
<kw name="Set Selenium Implicit Wait" library="SeleniumLibrary">
<doc>Sets the implicit wait value used by Selenium.</doc>
<arguments>
<arg>5</arg>
</arguments>
<status status="PASS" starttime="20200608 10:19:30.707" endtime="20200608 10:19:30.707"></status>
</kw>
<kw name="loginwebsite" library="resource">
<kw name="Open Browser" library="SeleniumLibrary">
<doc>Opens a new browser instance to the optional ``url``.</doc>
<arguments>
<arg>${url}</arg>
<arg>chrome</arg>
</arguments>
<msg timestamp="20200608 10:19:30.708" level="INFO">Opening browser 'chrome' to base url 'http://localhost:90/mgr/login/login.html'.</msg>
<status status="PASS" starttime="20200608 10:19:30.708" endtime="20200608 10:19:36.630"></status>
</kw>
<kw name="Get WebElement" library="SeleniumLibrary">
<doc>Returns the first WebElement matching the given ``locator``.</doc>
<arguments>
<arg>id=username</arg>
</arguments>
<assign>
<var>${ele_user}</var>
</assign>
<msg timestamp="20200608 10:19:36.644" level="INFO">${ele_user} = &lt;selenium.webdriver.remote.webelement.WebElement (session="f4cd8f0e144df58307d6b1940c755870", element="0dfaafa6-5532-4912-acc7-526293d71513")&gt;</msg>
<status status="PASS" starttime="20200608 10:19:36.630" endtime="20200608 10:19:36.644"></status>
</kw>
<kw name="Get WebElement" library="SeleniumLibrary">
<doc>Returns the first WebElement matching the given ``locator``.</doc>
<arguments>
<arg>id=password</arg>
</arguments>
<assign>
<var>${ele_pw}</var>
</assign>
<msg timestamp="20200608 10:19:36.655" level="INFO">${ele_pw} = &lt;selenium.webdriver.remote.webelement.WebElement (session="f4cd8f0e144df58307d6b1940c755870", element="4d62ecf2-cba8-40d4-b365-a815b708ff43")&gt;</msg>
<status status="PASS" starttime="20200608 10:19:36.644" endtime="20200608 10:19:36.656"></status>
</kw>
<kw name="Delete All Cookies" library="SeleniumLibrary">
<doc>Deletes all cookies.</doc>
<assign>
<var>${ele_user}</var>
</assign>
<msg timestamp="20200608 10:19:36.662" level="INFO">${ele_user} = None</msg>
<status status="PASS" starttime="20200608 10:19:36.656" endtime="20200608 10:19:36.662"></status>
</kw>
<kw name="Delete All Cookies" library="SeleniumLibrary">
<doc>Deletes all cookies.</doc>
<assign>
<var>${ele_pw}</var>
</assign>
<msg timestamp="20200608 10:19:36.667" level="INFO">${ele_pw} = None</msg>
<status status="PASS" starttime="20200608 10:19:36.662" endtime="20200608 10:19:36.667"></status>
</kw>
<kw name="Input Text" library="SeleniumLibrary">
<doc>Types the given ``text`` into the text field identified by ``locator``.</doc>
<arguments>
<arg>id=username</arg>
<arg>&amp;{user1}[username]</arg>
</arguments>
<msg timestamp="20200608 10:19:36.668" level="INFO">Typing text 'auto' into text field 'id=username'.</msg>
<status status="PASS" starttime="20200608 10:19:36.667" endtime="20200608 10:19:36.757"></status>
</kw>
<kw name="Input Text" library="SeleniumLibrary">
<doc>Types the given ``text`` into the text field identified by ``locator``.</doc>
<arguments>
<arg>id=password</arg>
<arg>&amp;{user1}[pw]</arg>
</arguments>
<msg timestamp="20200608 10:19:36.757" level="INFO">Typing text 'sdfsdfsdf' into text field 'id=password'.</msg>
<status status="PASS" starttime="20200608 10:19:36.757" endtime="20200608 10:19:36.858"></status>
</kw>
<kw name="Click Element" library="SeleniumLibrary">
<doc>Click the element identified by ``locator``.</doc>
<arguments>
<arg>css=.btn-success</arg>
</arguments>
<msg timestamp="20200608 10:19:36.858" level="INFO">Clicking element 'css=.btn-success'.</msg>
<status status="PASS" starttime="20200608 10:19:36.858" endtime="20200608 10:19:36.924"></status>
</kw>
<status status="PASS" starttime="20200608 10:19:30.708" endtime="20200608 10:19:36.924"></status>
</kw>
<kw name="addcource" library="resource">
<arguments>
<arg>robot</arg>
<arg>robot学习</arg>
<arg>1</arg>
</arguments>
<kw name="Click Element" library="SeleniumLibrary">
<doc>Click the element identified by ``locator``.</doc>
<arguments>
<arg>css=[ng-click="showAddOne=true"]</arg>
</arguments>
<msg timestamp="20200608 10:19:36.925" level="INFO">Clicking element 'css=[ng-click="showAddOne=true"]'.</msg>
<status status="PASS" starttime="20200608 10:19:36.925" endtime="20200608 10:19:37.808"></status>
</kw>
<kw name="Input Text" library="SeleniumLibrary">
<doc>Types the given ``text`` into the text field identified by ``locator``.</doc>
<arguments>
<arg>css=[ng-model="addData.name"]</arg>
<arg>${name}</arg>
</arguments>
<msg timestamp="20200608 10:19:37.808" level="INFO">Typing text 'robot' into text field 'css=[ng-model="addData.name"]'.</msg>
<status status="PASS" starttime="20200608 10:19:37.808" endtime="20200608 10:19:37.905"></status>
</kw>
<kw name="Input Text" library="SeleniumLibrary">
<doc>Types the given ``text`` into the text field identified by ``locator``.</doc>
<arguments>
<arg>css=[ng-model="addData.desc"]</arg>
<arg>${desc}</arg>
</arguments>
<msg timestamp="20200608 10:19:37.905" level="INFO">Typing text 'robot学习' into text field 'css=[ng-model="addData.desc"]'.</msg>
<status status="PASS" starttime="20200608 10:19:37.905" endtime="20200608 10:19:38.006"></status>
</kw>
<kw name="Input Text" library="SeleniumLibrary">
<doc>Types the given ``text`` into the text field identified by ``locator``.</doc>
<arguments>
<arg>css=[ng-model="addData.display_idx"]</arg>
<arg>${idx}</arg>
</arguments>
<msg timestamp="20200608 10:19:38.006" level="INFO">Typing text '1' into text field 'css=[ng-model="addData.display_idx"]'.</msg>
<status status="PASS" starttime="20200608 10:19:38.006" endtime="20200608 10:19:38.091"></status>
</kw>
<kw name="Click Element" library="SeleniumLibrary">
<doc>Click the element identified by ``locator``.</doc>
<arguments>
<arg>css=[ng-click="addOne()"]</arg>
</arguments>
<msg timestamp="20200608 10:19:38.091" level="INFO">Clicking element 'css=[ng-click="addOne()"]'.</msg>
<status status="PASS" starttime="20200608 10:19:38.091" endtime="20200608 10:19:38.157"></status>
</kw>
<kw name="Sleep" library="BuiltIn">
<doc>Pauses the test executed for the given time.</doc>
<arguments>
<arg>2</arg>
</arguments>
<msg timestamp="20200608 10:19:40.159" level="INFO">Slept 2 seconds</msg>
<status status="PASS" starttime="20200608 10:19:38.157" endtime="20200608 10:19:40.159"></status>
</kw>
<status status="PASS" starttime="20200608 10:19:36.924" endtime="20200608 10:19:40.160"></status>
</kw>
<kw name="checkcource" library="resource">
<arguments>
<arg>robot</arg>
</arguments>
<kw name="Get Text" library="SeleniumLibrary">
<doc>Returns the text value of the element identified by ``locator``.</doc>
<arguments>
<arg>css=tbody td:nth-child(2)</arg>
</arguments>
<assign>
<var>${text}</var>
</assign>
<msg timestamp="20200608 10:19:40.307" level="INFO">${text} = robot</msg>
<status status="PASS" starttime="20200608 10:19:40.163" endtime="20200608 10:19:40.307"></status>
</kw>
<kw name="Should Be True" library="BuiltIn">
<doc>Fails if the given condition is not true.</doc>
<arguments>
<arg>$text == $expect</arg>
</arguments>
<status status="PASS" starttime="20200608 10:19:40.307" endtime="20200608 10:19:40.312"></status>
</kw>
<status status="PASS" starttime="20200608 10:19:40.161" endtime="20200608 10:19:40.312"></status>
</kw>
<kw name="Close Browser" library="SeleniumLibrary">
<doc>Closes the current browser.</doc>
<status status="PASS" starttime="20200608 10:19:40.313" endtime="20200608 10:19:42.430"></status>
</kw>
<status status="PASS" starttime="20200608 10:19:30.705" endtime="20200608 10:19:42.432" critical="yes"></status>
</test>
<status status="PASS" starttime="20200608 10:18:59.062" endtime="20200608 10:19:42.438"></status>
</suite>
<statistics>
<total>
<stat pass="1" fail="0">Critical Tests</stat>
<stat pass="1" fail="0">All Tests</stat>
</total>
<tag>
</tag>
<suite>
<stat pass="1" fail="0" id="s1" name="Course">Course</stat>
</suite>
</statistics>
<errors>
</errors>
</robot>
