<?xml version="1.0" encoding="UTF-8"?>
<robot generator="Robot 3.1.2 (Python 3.8.2 on win32)" generated="20200406 17:13:44.523" rpa="false">
<suite id="s1" name="S2" source="D:\Tools\PycharmProjects\charging\RFTest\lesson3\s2.robot">
<kw name="Log To Console" library="BuiltIn" type="setup">
<doc>Logs the given message to the console.</doc>
<arguments>
<arg>套件执行</arg>
</arguments>
<status status="PASS" starttime="20200406 17:13:44.583" endtime="20200406 17:13:44.583"></status>
</kw>
<test id="s1-t1" name="测试1">
<kw name="Log To Console" library="BuiltIn" type="setup">
<doc>Logs the given message to the console.</doc>
<arguments>
<arg>用例执行前，清除部分用例数据</arg>
</arguments>
<status status="PASS" starttime="20200406 17:13:44.587" endtime="20200406 17:13:44.587"></status>
</kw>
<kw name="Create List" library="BuiltIn">
<doc>Returns a list containing given items.</doc>
<arguments>
<arg>hello</arg>
<arg>world</arg>
</arguments>
<assign>
<var>${var}</var>
</assign>
<msg timestamp="20200406 17:13:44.587" level="INFO">${var} = ['hello', 'world']</msg>
<status status="PASS" starttime="20200406 17:13:44.587" endtime="20200406 17:13:44.587"></status>
</kw>
<kw name="Append To List" library="Collections">
<doc>Adds ``values`` to the end of ``list``.</doc>
<arguments>
<arg>${var}</arg>
<arg>a</arg>
<arg>b</arg>
<arg>c</arg>
</arguments>
<status status="PASS" starttime="20200406 17:13:44.587" endtime="20200406 17:13:44.587"></status>
</kw>
<kw name="Log To Console" library="BuiltIn">
<doc>Logs the given message to the console.</doc>
<arguments>
<arg>${var}</arg>
</arguments>
<status status="PASS" starttime="20200406 17:13:44.587" endtime="20200406 17:13:44.591"></status>
</kw>
<kw name="Log To Console" library="BuiltIn" type="teardown">
<doc>Logs the given message to the console.</doc>
<arguments>
<arg>用例执行完之后再清除</arg>
</arguments>
<status status="PASS" starttime="20200406 17:13:44.591" endtime="20200406 17:13:44.591"></status>
</kw>
<doc>测试用例级别的清除</doc>
<status status="PASS" starttime="20200406 17:13:44.583" endtime="20200406 17:13:44.591" critical="yes"></status>
</test>
<test id="s1-t2" name="测试2">
<kw name="Log To Console" library="BuiltIn" type="setup">
<doc>Logs the given message to the console.</doc>
<arguments>
<arg>testsetup</arg>
</arguments>
<status status="PASS" starttime="20200406 17:13:44.591" endtime="20200406 17:13:44.595"></status>
</kw>
<kw name="Log To Console" library="BuiltIn">
<doc>Logs the given message to the console.</doc>
<arguments>
<arg>测试用例2</arg>
</arguments>
<status status="PASS" starttime="20200406 17:13:44.595" endtime="20200406 17:13:44.599"></status>
</kw>
<kw name="Log To Console" library="BuiltIn" type="teardown">
<doc>Logs the given message to the console.</doc>
<arguments>
<arg>Teardown</arg>
</arguments>
<status status="PASS" starttime="20200406 17:13:44.599" endtime="20200406 17:13:44.599"></status>
</kw>
<status status="PASS" starttime="20200406 17:13:44.591" endtime="20200406 17:13:44.599" critical="yes"></status>
</test>
<test id="s1-t3" name="测试3">
<kw name="Log To Console" library="BuiltIn" type="setup">
<doc>Logs the given message to the console.</doc>
<arguments>
<arg>testsetup</arg>
</arguments>
<status status="PASS" starttime="20200406 17:13:44.603" endtime="20200406 17:13:44.603"></status>
</kw>
<kw name="Log To Console" library="BuiltIn">
<doc>Logs the given message to the console.</doc>
<arguments>
<arg>测试用例3</arg>
</arguments>
<status status="PASS" starttime="20200406 17:13:44.607" endtime="20200406 17:13:44.607"></status>
</kw>
<kw name="Log To Console" library="BuiltIn" type="teardown">
<doc>Logs the given message to the console.</doc>
<arguments>
<arg>Teardown</arg>
</arguments>
<status status="PASS" starttime="20200406 17:13:44.611" endtime="20200406 17:13:44.611"></status>
</kw>
<status status="PASS" starttime="20200406 17:13:44.603" endtime="20200406 17:13:44.611" critical="yes"></status>
</test>
<kw name="Log To Console" library="BuiltIn" type="teardown">
<doc>Logs the given message to the console.</doc>
<arguments>
<arg>套件结束</arg>
</arguments>
<status status="PASS" starttime="20200406 17:13:44.615" endtime="20200406 17:13:44.615"></status>
</kw>
<status status="PASS" starttime="20200406 17:13:44.523" endtime="20200406 17:13:44.615"></status>
</suite>
<statistics>
<total>
<stat pass="3" fail="0">Critical Tests</stat>
<stat pass="3" fail="0">All Tests</stat>
</total>
<tag>
</tag>
<suite>
<stat pass="3" fail="0" id="s1" name="S2">S2</stat>
</suite>
</statistics>
<errors>
</errors>
</robot>
