<?xml version="1.0" encoding="UTF-8"?>
<robot generator="Robot 3.1.2 (Python 3.6.0 on win32)" generated="20200410 14:47:29.715" rpa="false">
<suite id="s1" name="Homework3" source="D:\Tools\PythonProjects\Charging\homework\robotTest\homework3">
<suite id="s1-s1" name="Course1" source="D:\Tools\PythonProjects\Charging\homework\robotTest\homework3\course1.robot">
<kw name="websetup" library="rc" type="setup">
<kw name="Open Browser" library="SeleniumLibrary">
<doc>Opens a new browser instance to the optional ``url``.</doc>
<arguments>
<arg>http://localhost</arg>
<arg>chrome</arg>
</arguments>
<msg timestamp="20200410 14:47:30.034" level="INFO">Opening browser 'chrome' to base url 'http://localhost'.</msg>
<status status="PASS" starttime="20200410 14:47:30.033" endtime="20200410 14:47:35.966"></status>
</kw>
<kw name="Set Selenium Implicit Wait" library="SeleniumLibrary">
<doc>Sets the implicit wait value used by Selenium.</doc>
<arguments>
<arg>10</arg>
</arguments>
<status status="PASS" starttime="20200410 14:47:35.967" endtime="20200410 14:47:35.976"></status>
</kw>
<status status="PASS" starttime="20200410 14:47:30.033" endtime="20200410 14:47:35.976"></status>
</kw>
<test id="s1-s1-t1" name="case1">
<kw name="deleteAllCourse" library="rc" type="setup">
<kw name="loginWebsite" library="rc">
<kw name="Go To" library="SeleniumLibrary">
<doc>Navigates the current browser window to the provided ``url``.</doc>
<arguments>
<arg>${url}</arg>
</arguments>
<msg timestamp="20200410 14:47:35.979" level="INFO">Opening url 'http://localhost:90/mgr/login/login.html'</msg>
<status status="PASS" starttime="20200410 14:47:35.978" endtime="20200410 14:47:36.657"></status>
</kw>
<kw name="Input Text" library="SeleniumLibrary">
<doc>Types the given ``text`` into the text field identified by ``locator``.</doc>
<arguments>
<arg>id=username</arg>
<arg>&amp;{user1}[username]</arg>
</arguments>
<msg timestamp="20200410 14:47:36.658" level="INFO">Typing text 'auto' into text field 'id=username'.</msg>
<status status="PASS" starttime="20200410 14:47:36.658" endtime="20200410 14:47:36.786"></status>
</kw>
<kw name="Input Text" library="SeleniumLibrary">
<doc>Types the given ``text`` into the text field identified by ``locator``.</doc>
<arguments>
<arg>id=password</arg>
<arg>&amp;{user1}[pw]</arg>
</arguments>
<msg timestamp="20200410 14:47:36.787" level="INFO">Typing text 'sdfsdfsdf' into text field 'id=password'.</msg>
<status status="PASS" starttime="20200410 14:47:36.786" endtime="20200410 14:47:36.943"></status>
</kw>
<kw name="Click Element" library="SeleniumLibrary">
<doc>Click the element identified by ``locator``.</doc>
<arguments>
<arg>css = .btn-success</arg>
</arguments>
<msg timestamp="20200410 14:47:36.944" level="INFO">Clicking element 'css = .btn-success'.</msg>
<status status="PASS" starttime="20200410 14:47:36.943" endtime="20200410 14:47:37.027"></status>
</kw>
<status status="PASS" starttime="20200410 14:47:35.978" endtime="20200410 14:47:37.028"></status>
</kw>
<kw name="Set Selenium Implicit Wait" library="SeleniumLibrary">
<doc>Sets the implicit wait value used by Selenium.</doc>
<arguments>
<arg>1</arg>
</arguments>
<status status="PASS" starttime="20200410 14:47:37.028" endtime="20200410 14:47:37.032"></status>
</kw>
<kw name="${i} IN RANGE [ 9999 ]" type="for">
<kw name="${i} = 0" type="foritem">
<kw name="Get WebElements" library="SeleniumLibrary">
<doc>Returns a list of WebElement objects matching the ``locator``.</doc>
<arguments>
<arg>css=[ng-click="delOne(one)"]</arg>
</arguments>
<assign>
<var>${delete_buttons}</var>
</assign>
<msg timestamp="20200410 14:47:38.051" level="INFO">${delete_buttons} = []</msg>
<status status="PASS" starttime="20200410 14:47:37.035" endtime="20200410 14:47:38.051"></status>
</kw>
<kw name="Exit For Loop If" library="BuiltIn">
<doc>Stops executing the enclosing for loop if the ``condition`` is true.</doc>
<arguments>
<arg>$delete_buttons == []</arg>
</arguments>
<msg timestamp="20200410 14:47:38.056" level="INFO">Exiting for loop altogether.</msg>
<status status="PASS" starttime="20200410 14:47:38.051" endtime="20200410 14:47:38.056"></status>
</kw>
<status status="PASS" starttime="20200410 14:47:37.034" endtime="20200410 14:47:38.057"></status>
</kw>
<status status="PASS" starttime="20200410 14:47:37.032" endtime="20200410 14:47:38.057"></status>
</kw>
<status status="PASS" starttime="20200410 14:47:35.977" endtime="20200410 14:47:38.057"></status>
</kw>
<kw name="loginWebsite" library="rc">
<kw name="Go To" library="SeleniumLibrary">
<doc>Navigates the current browser window to the provided ``url``.</doc>
<arguments>
<arg>${url}</arg>
</arguments>
<msg timestamp="20200410 14:47:38.058" level="INFO">Opening url 'http://localhost:90/mgr/login/login.html'</msg>
<status status="PASS" starttime="20200410 14:47:38.058" endtime="20200410 14:47:38.176"></status>
</kw>
<kw name="Input Text" library="SeleniumLibrary">
<doc>Types the given ``text`` into the text field identified by ``locator``.</doc>
<arguments>
<arg>id=username</arg>
<arg>&amp;{user1}[username]</arg>
</arguments>
<msg timestamp="20200410 14:47:38.179" level="INFO">Typing text 'auto' into text field 'id=username'.</msg>
<status status="PASS" starttime="20200410 14:47:38.176" endtime="20200410 14:47:38.340"></status>
</kw>
<kw name="Input Text" library="SeleniumLibrary">
<doc>Types the given ``text`` into the text field identified by ``locator``.</doc>
<arguments>
<arg>id=password</arg>
<arg>&amp;{user1}[pw]</arg>
</arguments>
<msg timestamp="20200410 14:47:38.340" level="INFO">Typing text 'sdfsdfsdf' into text field 'id=password'.</msg>
<status status="PASS" starttime="20200410 14:47:38.340" endtime="20200410 14:47:38.517"></status>
</kw>
<kw name="Click Element" library="SeleniumLibrary">
<doc>Click the element identified by ``locator``.</doc>
<arguments>
<arg>css = .btn-success</arg>
</arguments>
<msg timestamp="20200410 14:47:38.518" level="INFO">Clicking element 'css = .btn-success'.</msg>
<status status="PASS" starttime="20200410 14:47:38.518" endtime="20200410 14:47:38.600"></status>
</kw>
<status status="PASS" starttime="20200410 14:47:38.057" endtime="20200410 14:47:38.601"></status>
</kw>
<kw name="addCourse" library="rc">
<arguments>
<arg>robot</arg>
<arg>robot框架</arg>
<arg>1</arg>
</arguments>
<kw name="Click Element" library="SeleniumLibrary">
<doc>Click the element identified by ``locator``.</doc>
<arguments>
<arg>css = [ng-click="showAddOne=true"]</arg>
</arguments>
<msg timestamp="20200410 14:47:38.602" level="INFO">Clicking element 'css = [ng-click="showAddOne=true"]'.</msg>
<status status="PASS" starttime="20200410 14:47:38.602" endtime="20200410 14:47:39.188"></status>
</kw>
<kw name="Input Text" library="SeleniumLibrary">
<doc>Types the given ``text`` into the text field identified by ``locator``.</doc>
<arguments>
<arg>css = [ng-model="addData.name"]</arg>
<arg>${name}</arg>
</arguments>
<msg timestamp="20200410 14:47:39.188" level="INFO">Typing text 'robot' into text field 'css = [ng-model="addData.name"]'.</msg>
<status status="PASS" starttime="20200410 14:47:39.188" endtime="20200410 14:47:39.308"></status>
</kw>
<kw name="Input Text" library="SeleniumLibrary">
<doc>Types the given ``text`` into the text field identified by ``locator``.</doc>
<arguments>
<arg>css = [ng-model="addData.desc"]</arg>
<arg>${desc}</arg>
</arguments>
<msg timestamp="20200410 14:47:39.309" level="INFO">Typing text 'robot框架' into text field 'css = [ng-model="addData.desc"]'.</msg>
<status status="PASS" starttime="20200410 14:47:39.308" endtime="20200410 14:47:39.425"></status>
</kw>
<kw name="Input Text" library="SeleniumLibrary">
<doc>Types the given ``text`` into the text field identified by ``locator``.</doc>
<arguments>
<arg>css = [ng-model="addData.display_idx"]</arg>
<arg>${idx}</arg>
</arguments>
<msg timestamp="20200410 14:47:39.427" level="INFO">Typing text '1' into text field 'css = [ng-model="addData.display_idx"]'.</msg>
<status status="PASS" starttime="20200410 14:47:39.426" endtime="20200410 14:47:39.537"></status>
</kw>
<kw name="Click Element" library="SeleniumLibrary">
<doc>Click the element identified by ``locator``.</doc>
<arguments>
<arg>css = [ng-click="addOne()"]</arg>
</arguments>
<msg timestamp="20200410 14:47:39.537" level="INFO">Clicking element 'css = [ng-click="addOne()"]'.</msg>
<status status="PASS" starttime="20200410 14:47:39.537" endtime="20200410 14:47:39.603"></status>
</kw>
<kw name="Sleep" library="BuiltIn">
<doc>Pauses the test executed for the given time.</doc>
<arguments>
<arg>2</arg>
</arguments>
<msg timestamp="20200410 14:47:41.605" level="INFO">Slept 2 seconds</msg>
<status status="PASS" starttime="20200410 14:47:39.603" endtime="20200410 14:47:41.605"></status>
</kw>
<status status="PASS" starttime="20200410 14:47:38.601" endtime="20200410 14:47:41.605"></status>
</kw>
<kw name="checkCourse" library="rc">
<doc>判断元素</doc>
<arguments>
<arg>robot</arg>
</arguments>
<kw name="Get WebElements" library="SeleniumLibrary">
<doc>Returns a list of WebElement objects matching the ``locator``.</doc>
<arguments>
<arg>css = tbody td:nth-child(2)</arg>
</arguments>
<assign>
<var>${eles}</var>
</assign>
<msg timestamp="20200410 14:47:41.617" level="INFO">${eles} = [&lt;selenium.webdriver.remote.webelement.WebElement (session="a6e137b1fa32803625bb5472b0b406c5", element="17846cab-850e-4191-bffc-ed0ffd9afb09")&gt;]</msg>
<status status="PASS" starttime="20200410 14:47:41.606" endtime="20200410 14:47:41.617"></status>
</kw>
<kw name="Evaluate" library="BuiltIn">
<doc>Evaluates the given expression in Python and returns the results.</doc>
<arguments>
<arg>[ele.text for ele in $eles]</arg>
</arguments>
<assign>
<var>${courses}</var>
</assign>
<msg timestamp="20200410 14:47:41.633" level="INFO">${courses} = ['robot']</msg>
<status status="PASS" starttime="20200410 14:47:41.617" endtime="20200410 14:47:41.633"></status>
</kw>
<kw name="Should Be True" library="BuiltIn">
<doc>Fails if the given condition is not true.</doc>
<arguments>
<arg>$expect in $courses</arg>
</arguments>
<status status="PASS" starttime="20200410 14:47:41.633" endtime="20200410 14:47:41.634"></status>
</kw>
<status status="PASS" starttime="20200410 14:47:41.606" endtime="20200410 14:47:41.634"></status>
</kw>
<kw name="deleteAllCourse" library="rc" type="teardown">
<kw name="loginWebsite" library="rc">
<kw name="Go To" library="SeleniumLibrary">
<doc>Navigates the current browser window to the provided ``url``.</doc>
<arguments>
<arg>${url}</arg>
</arguments>
<msg timestamp="20200410 14:47:41.635" level="INFO">Opening url 'http://localhost:90/mgr/login/login.html'</msg>
<status status="PASS" starttime="20200410 14:47:41.635" endtime="20200410 14:47:41.707"></status>
</kw>
<kw name="Input Text" library="SeleniumLibrary">
<doc>Types the given ``text`` into the text field identified by ``locator``.</doc>
<arguments>
<arg>id=username</arg>
<arg>&amp;{user1}[username]</arg>
</arguments>
<msg timestamp="20200410 14:47:41.709" level="INFO">Typing text 'auto' into text field 'id=username'.</msg>
<status status="PASS" starttime="20200410 14:47:41.708" endtime="20200410 14:47:41.845"></status>
</kw>
<kw name="Input Text" library="SeleniumLibrary">
<doc>Types the given ``text`` into the text field identified by ``locator``.</doc>
<arguments>
<arg>id=password</arg>
<arg>&amp;{user1}[pw]</arg>
</arguments>
<msg timestamp="20200410 14:47:41.846" level="INFO">Typing text 'sdfsdfsdf' into text field 'id=password'.</msg>
<status status="PASS" starttime="20200410 14:47:41.845" endtime="20200410 14:47:41.979"></status>
</kw>
<kw name="Click Element" library="SeleniumLibrary">
<doc>Click the element identified by ``locator``.</doc>
<arguments>
<arg>css = .btn-success</arg>
</arguments>
<msg timestamp="20200410 14:47:41.980" level="INFO">Clicking element 'css = .btn-success'.</msg>
<status status="PASS" starttime="20200410 14:47:41.979" endtime="20200410 14:47:42.031"></status>
</kw>
<status status="PASS" starttime="20200410 14:47:41.635" endtime="20200410 14:47:42.031"></status>
</kw>
<kw name="Set Selenium Implicit Wait" library="SeleniumLibrary">
<doc>Sets the implicit wait value used by Selenium.</doc>
<arguments>
<arg>1</arg>
</arguments>
<status status="PASS" starttime="20200410 14:47:42.031" endtime="20200410 14:47:42.033"></status>
</kw>
<kw name="${i} IN RANGE [ 9999 ]" type="for">
<kw name="${i} = 0" type="foritem">
<kw name="Get WebElements" library="SeleniumLibrary">
<doc>Returns a list of WebElement objects matching the ``locator``.</doc>
<arguments>
<arg>css=[ng-click="delOne(one)"]</arg>
</arguments>
<assign>
<var>${delete_buttons}</var>
</assign>
<msg timestamp="20200410 14:47:42.586" level="INFO">${delete_buttons} = [&lt;selenium.webdriver.remote.webelement.WebElement (session="a6e137b1fa32803625bb5472b0b406c5", element="c9dfe1c4-38fa-4bb0-b057-8f2cf9ccebcd")&gt;]</msg>
<status status="PASS" starttime="20200410 14:47:42.033" endtime="20200410 14:47:42.586"></status>
</kw>
<kw name="Exit For Loop If" library="BuiltIn">
<doc>Stops executing the enclosing for loop if the ``condition`` is true.</doc>
<arguments>
<arg>$delete_buttons == []</arg>
</arguments>
<status status="PASS" starttime="20200410 14:47:42.586" endtime="20200410 14:47:42.589"></status>
</kw>
<kw name="Evaluate" library="BuiltIn">
<doc>Evaluates the given expression in Python and returns the results.</doc>
<arguments>
<arg>$delete_buttons[0].click()</arg>
</arguments>
<status status="PASS" starttime="20200410 14:47:42.590" endtime="20200410 14:47:42.682"></status>
</kw>
<kw name="Sleep" library="BuiltIn">
<doc>Pauses the test executed for the given time.</doc>
<arguments>
<arg>1</arg>
</arguments>
<msg timestamp="20200410 14:47:43.683" level="INFO">Slept 1 second</msg>
<status status="PASS" starttime="20200410 14:47:42.682" endtime="20200410 14:47:43.683"></status>
</kw>
<kw name="Click Element" library="SeleniumLibrary">
<doc>Click the element identified by ``locator``.</doc>
<arguments>
<arg>css=.btn-primary</arg>
</arguments>
<msg timestamp="20200410 14:47:43.683" level="INFO">Clicking element 'css=.btn-primary'.</msg>
<status status="PASS" starttime="20200410 14:47:43.683" endtime="20200410 14:47:43.744"></status>
</kw>
<kw name="Sleep" library="BuiltIn">
<doc>Pauses the test executed for the given time.</doc>
<arguments>
<arg>1</arg>
</arguments>
<msg timestamp="20200410 14:47:44.746" level="INFO">Slept 1 second</msg>
<status status="PASS" starttime="20200410 14:47:43.744" endtime="20200410 14:47:44.746"></status>
</kw>
<status status="PASS" starttime="20200410 14:47:42.033" endtime="20200410 14:47:44.746"></status>
</kw>
<kw name="${i} = 1" type="foritem">
<kw name="Get WebElements" library="SeleniumLibrary">
<doc>Returns a list of WebElement objects matching the ``locator``.</doc>
<arguments>
<arg>css=[ng-click="delOne(one)"]</arg>
</arguments>
<assign>
<var>${delete_buttons}</var>
</assign>
<msg timestamp="20200410 14:47:45.754" level="INFO">${delete_buttons} = []</msg>
<status status="PASS" starttime="20200410 14:47:44.746" endtime="20200410 14:47:45.754"></status>
</kw>
<kw name="Exit For Loop If" library="BuiltIn">
<doc>Stops executing the enclosing for loop if the ``condition`` is true.</doc>
<arguments>
<arg>$delete_buttons == []</arg>
</arguments>
<msg timestamp="20200410 14:47:45.754" level="INFO">Exiting for loop altogether.</msg>
<status status="PASS" starttime="20200410 14:47:45.754" endtime="20200410 14:47:45.755"></status>
</kw>
<status status="PASS" starttime="20200410 14:47:44.746" endtime="20200410 14:47:45.755"></status>
</kw>
<status status="PASS" starttime="20200410 14:47:42.033" endtime="20200410 14:47:45.755"></status>
</kw>
<status status="PASS" starttime="20200410 14:47:41.634" endtime="20200410 14:47:45.755"></status>
</kw>
<status status="PASS" starttime="20200410 14:47:35.976" endtime="20200410 14:47:45.755" critical="yes"></status>
</test>
<kw name="webtearown" library="rc" type="teardown">
<kw name="Close Browser" library="SeleniumLibrary">
<doc>Closes the current browser.</doc>
<status status="PASS" starttime="20200410 14:47:45.758" endtime="20200410 14:47:47.942"></status>
</kw>
<status status="PASS" starttime="20200410 14:47:45.757" endtime="20200410 14:47:47.942"></status>
</kw>
<status status="PASS" starttime="20200410 14:47:29.744" endtime="20200410 14:47:47.942"></status>
</suite>
<status status="PASS" starttime="20200410 14:47:29.716" endtime="20200410 14:47:47.947"></status>
</suite>
<statistics>
<total>
<stat pass="1" fail="0">Critical Tests</stat>
<stat pass="1" fail="0">All Tests</stat>
</total>
<tag>
</tag>
<suite>
<stat pass="1" fail="0" id="s1" name="Homework3">Homework3</stat>
<stat pass="1" fail="0" id="s1-s1" name="Course1">Homework3.Course1</stat>
</suite>
</statistics>
<errors>
</errors>
</robot>
