<?xml version="1.0" encoding="UTF-8"?>
<robot generator="Robot 3.1.2 (Python 3.8.2 on win32)" generated="20200406 15:25:04.495" rpa="false">
<suite id="s1" name="T1" source="D:\Tools\PycharmProjects\charging\RFTest\lesson1\t1.robot">
<test id="s1-t1" name="用例1">
<kw name="Import Library" library="BuiltIn">
<doc>Imports a library with the given name and optional arguments.</doc>
<arguments>
<arg>SeleniumLibrary</arg>
</arguments>
<status status="PASS" starttime="20200406 15:25:04.948" endtime="20200406 15:25:04.948"></status>
</kw>
<kw name="Log To Console" library="BuiltIn">
<doc>Logs the given message to the console.</doc>
<arguments>
<arg>用例1</arg>
</arguments>
<status status="PASS" starttime="20200406 15:25:04.953" endtime="20200406 15:25:04.953"></status>
</kw>
<kw name="Sleep" library="BuiltIn">
<doc>Pauses the test executed for the given time.</doc>
<arguments>
<arg>3</arg>
</arguments>
<msg timestamp="20200406 15:25:07.954" level="INFO">Slept 3 seconds</msg>
<status status="PASS" starttime="20200406 15:25:04.953" endtime="20200406 15:25:07.954"></status>
</kw>
<kw name="Log" library="BuiltIn">
<doc>Logs the given message with the given level.</doc>
<arguments>
<arg>打印信息</arg>
<arg>console=True</arg>
</arguments>
<msg timestamp="20200406 15:25:07.954" level="INFO">打印信息</msg>
<status status="PASS" starttime="20200406 15:25:07.954" endtime="20200406 15:25:07.954"></status>
</kw>
<status status="PASS" starttime="20200406 15:25:04.944" endtime="20200406 15:25:07.957" critical="yes"></status>
</test>
<test id="s1-t2" name="用例2">
<kw name="Convert To Integer" library="BuiltIn">
<doc>Converts the given item to an integer number.</doc>
<arguments>
<arg>15</arg>
</arguments>
<assign>
<var>${num}</var>
</assign>
<msg timestamp="20200406 15:25:07.961" level="INFO">${num} = 15</msg>
<status status="PASS" starttime="20200406 15:25:07.961" endtime="20200406 15:25:07.961"></status>
</kw>
<status status="PASS" starttime="20200406 15:25:07.961" endtime="20200406 15:25:07.961" critical="yes"></status>
</test>
<test id="s1-t3" name="用例3">
<kw name="Create List" library="BuiltIn">
<doc>Returns a list containing given items.</doc>
<arguments>
<arg>a</arg>
<arg>b</arg>
<arg>c</arg>
<arg>d</arg>
</arguments>
<assign>
<var>${lsit}</var>
</assign>
<msg timestamp="20200406 15:25:07.969" level="INFO">${lsit} = ['a', 'b', 'c', 'd']</msg>
<status status="PASS" starttime="20200406 15:25:07.969" endtime="20200406 15:25:07.969"></status>
</kw>
<kw name="Log To Console" library="BuiltIn">
<doc>Logs the given message to the console.</doc>
<arguments>
<arg>${lsit}</arg>
</arguments>
<status status="PASS" starttime="20200406 15:25:07.969" endtime="20200406 15:25:07.973"></status>
</kw>
<kw name="${i} IN [ @{lsit} ]" type="for">
<kw name="${i} = a" type="foritem">
<kw name="Log To Console" library="BuiltIn">
<doc>Logs the given message to the console.</doc>
<arguments>
<arg>${i[0]}</arg>
</arguments>
<status status="PASS" starttime="20200406 15:25:07.973" endtime="20200406 15:25:07.977"></status>
</kw>
<status status="PASS" starttime="20200406 15:25:07.973" endtime="20200406 15:25:07.977"></status>
</kw>
<kw name="${i} = b" type="foritem">
<kw name="Log To Console" library="BuiltIn">
<doc>Logs the given message to the console.</doc>
<arguments>
<arg>${i[0]}</arg>
</arguments>
<status status="PASS" starttime="20200406 15:25:07.977" endtime="20200406 15:25:07.977"></status>
</kw>
<status status="PASS" starttime="20200406 15:25:07.977" endtime="20200406 15:25:07.977"></status>
</kw>
<kw name="${i} = c" type="foritem">
<kw name="Log To Console" library="BuiltIn">
<doc>Logs the given message to the console.</doc>
<arguments>
<arg>${i[0]}</arg>
</arguments>
<status status="PASS" starttime="20200406 15:25:07.977" endtime="20200406 15:25:07.981"></status>
</kw>
<status status="PASS" starttime="20200406 15:25:07.977" endtime="20200406 15:25:07.981"></status>
</kw>
<kw name="${i} = d" type="foritem">
<kw name="Log To Console" library="BuiltIn">
<doc>Logs the given message to the console.</doc>
<arguments>
<arg>${i[0]}</arg>
</arguments>
<status status="PASS" starttime="20200406 15:25:07.981" endtime="20200406 15:25:07.981"></status>
</kw>
<status status="PASS" starttime="20200406 15:25:07.981" endtime="20200406 15:25:07.981"></status>
</kw>
<status status="PASS" starttime="20200406 15:25:07.973" endtime="20200406 15:25:07.981"></status>
</kw>
<kw name="Create Dictionary" library="BuiltIn">
<doc>Creates and returns a dictionary based on the given ``items``.</doc>
<arguments>
<arg>a=10,b=20</arg>
</arguments>
<assign>
<var>${dict}</var>
</assign>
<msg timestamp="20200406 15:25:07.985" level="INFO">${dict} = {'a': '10,b=20'}</msg>
<status status="PASS" starttime="20200406 15:25:07.981" endtime="20200406 15:25:07.985"></status>
</kw>
<kw name="FOR ${A}">
<arguments>
<arg>IN</arg>
<arg>@{dict}</arg>
</arguments>
<msg timestamp="20200406 15:25:07.993" level="FAIL">No keyword with name 'FOR ${A}' found.</msg>
<status status="FAIL" starttime="20200406 15:25:07.993" endtime="20200406 15:25:07.993"></status>
</kw>
<status status="FAIL" starttime="20200406 15:25:07.969" endtime="20200406 15:25:07.997" critical="yes">No keyword with name 'FOR ${A}' found.</status>
</test>
<status status="FAIL" starttime="20200406 15:25:04.499" endtime="20200406 15:25:08.001"></status>
</suite>
<statistics>
<total>
<stat pass="2" fail="1">Critical Tests</stat>
<stat pass="2" fail="1">All Tests</stat>
</total>
<tag>
</tag>
<suite>
<stat pass="2" fail="1" id="s1" name="T1">T1</stat>
</suite>
</statistics>
<errors>
</errors>
</robot>
