<?xml version="1.0" encoding="UTF-8"?>
<robot generator="Robot 3.1.2 (Python 3.6.0 on win32)" generated="20200329 12:53:41.023" rpa="false">
<suite id="s1" name="rfTest" source="D:\Tools\PythonProjects\Charging\homework\robotTest\homework1\rfTest.robot">
<test id="s1-t1" name="用例2">
<kw name="Get Info" library="huawei">
<assign>
<var>${list_data}</var>
</assign>
<msg timestamp="20200329 12:53:55.594" level="INFO">${list_data} = ['HUAWEI Mate 30 Pro 5G', '荣耀20 PRO', 'HUAWEI nova 6', '荣耀V30 PRO', 'HUAWEI nova 5 Pro', '荣耀Play3', 'HUAWEI nova 5z', '荣耀20青春版']</msg>
<status status="PASS" starttime="20200329 12:53:43.755" endtime="20200329 12:53:55.594"></status>
</kw>
<kw name="${one} IN [ @{list_data} ]" type="for">
<kw name="${one} = HUAWEI Mate 30 Pro 5G" type="foritem">
<kw name="Log To Console" library="BuiltIn">
<doc>Logs the given message to the console.</doc>
<arguments>
<arg>${one}</arg>
</arguments>
<status status="PASS" starttime="20200329 12:53:55.595" endtime="20200329 12:53:55.595"></status>
</kw>
<status status="PASS" starttime="20200329 12:53:55.595" endtime="20200329 12:53:55.595"></status>
</kw>
<kw name="${one} = 荣耀20 PRO" type="foritem">
<kw name="Log To Console" library="BuiltIn">
<doc>Logs the given message to the console.</doc>
<arguments>
<arg>${one}</arg>
</arguments>
<status status="PASS" starttime="20200329 12:53:55.596" endtime="20200329 12:53:55.596"></status>
</kw>
<status status="PASS" starttime="20200329 12:53:55.595" endtime="20200329 12:53:55.596"></status>
</kw>
<kw name="${one} = HUAWEI nova 6" type="foritem">
<kw name="Log To Console" library="BuiltIn">
<doc>Logs the given message to the console.</doc>
<arguments>
<arg>${one}</arg>
</arguments>
<status status="PASS" starttime="20200329 12:53:55.596" endtime="20200329 12:53:55.597"></status>
</kw>
<status status="PASS" starttime="20200329 12:53:55.596" endtime="20200329 12:53:55.597"></status>
</kw>
<kw name="${one} = 荣耀V30 PRO" type="foritem">
<kw name="Log To Console" library="BuiltIn">
<doc>Logs the given message to the console.</doc>
<arguments>
<arg>${one}</arg>
</arguments>
<status status="PASS" starttime="20200329 12:53:55.597" endtime="20200329 12:53:55.598"></status>
</kw>
<status status="PASS" starttime="20200329 12:53:55.597" endtime="20200329 12:53:55.598"></status>
</kw>
<kw name="${one} = HUAWEI nova 5 Pro" type="foritem">
<kw name="Log To Console" library="BuiltIn">
<doc>Logs the given message to the console.</doc>
<arguments>
<arg>${one}</arg>
</arguments>
<status status="PASS" starttime="20200329 12:53:55.598" endtime="20200329 12:53:55.598"></status>
</kw>
<status status="PASS" starttime="20200329 12:53:55.598" endtime="20200329 12:53:55.598"></status>
</kw>
<kw name="${one} = 荣耀Play3" type="foritem">
<kw name="Log To Console" library="BuiltIn">
<doc>Logs the given message to the console.</doc>
<arguments>
<arg>${one}</arg>
</arguments>
<status status="PASS" starttime="20200329 12:53:55.599" endtime="20200329 12:53:55.599"></status>
</kw>
<status status="PASS" starttime="20200329 12:53:55.598" endtime="20200329 12:53:55.599"></status>
</kw>
<kw name="${one} = HUAWEI nova 5z" type="foritem">
<kw name="Log To Console" library="BuiltIn">
<doc>Logs the given message to the console.</doc>
<arguments>
<arg>${one}</arg>
</arguments>
<status status="PASS" starttime="20200329 12:53:55.600" endtime="20200329 12:53:55.600"></status>
</kw>
<status status="PASS" starttime="20200329 12:53:55.599" endtime="20200329 12:53:55.600"></status>
</kw>
<kw name="${one} = 荣耀20青春版" type="foritem">
<kw name="Log To Console" library="BuiltIn">
<doc>Logs the given message to the console.</doc>
<arguments>
<arg>${one}</arg>
</arguments>
<status status="PASS" starttime="20200329 12:53:55.600" endtime="20200329 12:53:55.601"></status>
</kw>
<status status="PASS" starttime="20200329 12:53:55.600" endtime="20200329 12:53:55.601"></status>
</kw>
<status status="PASS" starttime="20200329 12:53:55.595" endtime="20200329 12:53:55.601"></status>
</kw>
<doc>获得所有热销单品的名称，打印在log报表中</doc>
<status status="PASS" starttime="20200329 12:53:43.753" endtime="20200329 12:53:55.601" critical="yes"></status>
</test>
<status status="PASS" starttime="20200329 12:53:41.025" endtime="20200329 12:53:57.678"></status>
</suite>
<statistics>
<total>
<stat pass="1" fail="0">Critical Tests</stat>
<stat pass="1" fail="0">All Tests</stat>
</total>
<tag>
</tag>
<suite>
<stat pass="1" fail="0" id="s1" name="rfTest">rfTest</stat>
</suite>
</statistics>
<errors>
<msg timestamp="20200329 12:53:41.020" level="WARN">Error in file 'D:\Tools\PythonProjects\Charging\homework\robotTest\homework1\rfTest.robot': Invalid syntax in test case '用例2': Using 'In' as a FOR loop separator is deprecated. Use 'IN' instead.</msg>
</errors>
</robot>
